{"F:\\designApp\\src\\drafting\\measurements.ts": {"path":"F:\\designApp\\src\\drafting\\measurements.ts","all":false,"statementMap":{"0":{"start":{"line":16,"column":0},"end":{"line":16,"column":41}},"1":{"start":{"line":17,"column":0},"end":{"line":17,"column":43}},"2":{"start":{"line":18,"column":0},"end":{"line":18,"column":59}},"3":{"start":{"line":19,"column":0},"end":{"line":19,"column":2}},"4":{"start":{"line":32,"column":0},"end":{"line":32,"column":50}},"5":{"start":{"line":33,"column":0},"end":{"line":33,"column":41}},"6":{"start":{"line":34,"column":0},"end":{"line":34,"column":10}},"7":{"start":{"line":35,"column":0},"end":{"line":35,"column":43}},"8":{"start":{"line":36,"column":0},"end":{"line":36,"column":38}},"9":{"start":{"line":37,"column":0},"end":{"line":37,"column":18}},"10":{"start":{"line":38,"column":0},"end":{"line":38,"column":38}},"11":{"start":{"line":39,"column":0},"end":{"line":39,"column":23}},"12":{"start":{"line":40,"column":0},"end":{"line":40,"column":21}},"13":{"start":{"line":41,"column":0},"end":{"line":41,"column":4}},"14":{"start":{"line":42,"column":0},"end":{"line":42,"column":1}}},"s":{"0":2,"1":2,"2":2,"3":2,"4":2,"5":19,"6":19,"7":19,"8":19,"9":19,"10":19,"11":19,"12":19,"13":19,"14":19},"branchMap":{"0":{"type":"branch","line":32,"loc":{"start":{"line":32,"column":7},"end":{"line":42,"column":1}},"locations":[{"start":{"line":32,"column":7},"end":{"line":42,"column":1}}]}},"b":{"0":[19]},"fnMap":{"0":{"name":"derive","decl":{"start":{"line":32,"column":7},"end":{"line":42,"column":1}},"loc":{"start":{"line":32,"column":7},"end":{"line":42,"column":1}},"line":32}},"f":{"0":19}}
,"F:\\designApp\\src\\drafting\\piece.ts": {"path":"F:\\designApp\\src\\drafting\\piece.ts","all":false,"statementMap":{"0":{"start":{"line":1,"column":0},"end":{"line":1,"column":75}},"1":{"start":{"line":19,"column":0},"end":{"line":19,"column":43}},"2":{"start":{"line":20,"column":0},"end":{"line":20,"column":53}},"3":{"start":{"line":21,"column":0},"end":{"line":21,"column":1}},"4":{"start":{"line":24,"column":0},"end":{"line":24,"column":41}},"5":{"start":{"line":25,"column":0},"end":{"line":25,"column":49}},"6":{"start":{"line":26,"column":0},"end":{"line":26,"column":1}},"7":{"start":{"line":29,"column":0},"end":{"line":29,"column":45}},"8":{"start":{"line":30,"column":0},"end":{"line":30,"column":77}},"9":{"start":{"line":31,"column":0},"end":{"line":31,"column":1}},"10":{"start":{"line":34,"column":0},"end":{"line":34,"column":61}},"11":{"start":{"line":35,"column":0},"end":{"line":35,"column":57}},"12":{"start":{"line":36,"column":0},"end":{"line":36,"column":83}},"13":{"start":{"line":37,"column":0},"end":{"line":37,"column":15}},"14":{"start":{"line":38,"column":0},"end":{"line":38,"column":1}},"15":{"start":{"line":41,"column":0},"end":{"line":41,"column":49}},"16":{"start":{"line":42,"column":0},"end":{"line":42,"column":64}},"17":{"start":{"line":43,"column":0},"end":{"line":43,"column":1}}},"s":{"0":2,"1":2,"2":237,"3":237,"4":2,"5":204,"6":204,"7":2,"8":8,"9":8,"10":2,"11":10,"12":10,"13":9,"14":9,"15":2,"16":1,"17":1},"branchMap":{"0":{"type":"branch","line":19,"loc":{"start":{"line":19,"column":7},"end":{"line":21,"column":1}},"locations":[{"start":{"line":19,"column":7},"end":{"line":21,"column":1}}]},"1":{"type":"branch","line":20,"loc":{"start":{"line":20,"column":20},"end":{"line":20,"column":39}},"locations":[{"start":{"line":20,"column":20},"end":{"line":20,"column":39}}]},"2":{"type":"branch","line":20,"loc":{"start":{"line":20,"column":31},"end":{"line":20,"column":53}},"locations":[{"start":{"line":20,"column":31},"end":{"line":20,"column":53}}]},"3":{"type":"branch","line":24,"loc":{"start":{"line":24,"column":7},"end":{"line":26,"column":1}},"locations":[{"start":{"line":24,"column":7},"end":{"line":26,"column":1}}]},"4":{"type":"branch","line":25,"loc":{"start":{"line":25,"column":20},"end":{"line":25,"column":37}},"locations":[{"start":{"line":25,"column":20},"end":{"line":25,"column":37}}]},"5":{"type":"branch","line":25,"loc":{"start":{"line":25,"column":31},"end":{"line":25,"column":49}},"locations":[{"start":{"line":25,"column":31},"end":{"line":25,"column":49}}]},"6":{"type":"branch","line":29,"loc":{"start":{"line":29,"column":7},"end":{"line":31,"column":1}},"locations":[{"start":{"line":29,"column":7},"end":{"line":31,"column":1}}]},"7":{"type":"branch","line":30,"loc":{"start":{"line":30,"column":20},"end":{"line":30,"column":56}},"locations":[{"start":{"line":30,"column":20},"end":{"line":30,"column":56}}]},"8":{"type":"branch","line":30,"loc":{"start":{"line":30,"column":52},"end":{"line":30,"column":77}},"locations":[{"start":{"line":30,"column":52},"end":{"line":30,"column":77}}]},"9":{"type":"branch","line":34,"loc":{"start":{"line":34,"column":7},"end":{"line":38,"column":1}},"locations":[{"start":{"line":34,"column":7},"end":{"line":38,"column":1}}]},"10":{"type":"branch","line":36,"loc":{"start":{"line":36,"column":14},"end":{"line":38,"column":1}},"locations":[{"start":{"line":36,"column":14},"end":{"line":38,"column":1}}]},"11":{"type":"branch","line":36,"loc":{"start":{"line":36,"column":14},"end":{"line":36,"column":83}},"locations":[{"start":{"line":36,"column":14},"end":{"line":36,"column":83}}]},"12":{"type":"branch","line":35,"loc":{"start":{"line":35,"column":33},"end":{"line":35,"column":55}},"locations":[{"start":{"line":35,"column":33},"end":{"line":35,"column":55}}]},"13":{"type":"branch","line":41,"loc":{"start":{"line":41,"column":7},"end":{"line":43,"column":1}},"locations":[{"start":{"line":41,"column":7},"end":{"line":43,"column":1}}]},"14":{"type":"branch","line":42,"loc":{"start":{"line":42,"column":28},"end":{"line":42,"column":61}},"locations":[{"start":{"line":42,"column":28},"end":{"line":42,"column":61}}]}},"b":{"0":[237],"1":[132],"2":[105],"3":[204],"4":[133],"5":[71],"6":[8],"7":[6],"8":[2],"9":[10],"10":[9],"11":[1],"12":[36],"13":[1],"14":[4]},"fnMap":{"0":{"name":"edgeStart","decl":{"start":{"line":19,"column":7},"end":{"line":21,"column":1}},"loc":{"start":{"line":19,"column":7},"end":{"line":21,"column":1}},"line":19},"1":{"name":"edgeEnd","decl":{"start":{"line":24,"column":7},"end":{"line":26,"column":1}},"loc":{"start":{"line":24,"column":7},"end":{"line":26,"column":1}},"line":24},"2":{"name":"edgeLength","decl":{"start":{"line":29,"column":7},"end":{"line":31,"column":1}},"loc":{"start":{"line":29,"column":7},"end":{"line":31,"column":1}},"line":29},"3":{"name":"pieceEdge","decl":{"start":{"line":34,"column":7},"end":{"line":38,"column":1}},"loc":{"start":{"line":34,"column":7},"end":{"line":38,"column":1}},"line":34},"4":{"name":"perimeter","decl":{"start":{"line":41,"column":7},"end":{"line":43,"column":1}},"loc":{"start":{"line":41,"column":7},"end":{"line":43,"column":1}},"line":41}},"f":{"0":237,"1":204,"2":8,"3":10,"4":1}}
,"F:\\designApp\\src\\drafting\\tshirt.ts": {"path":"F:\\designApp\\src\\drafting\\tshirt.ts","all":false,"statementMap":{"0":{"start":{"line":1,"column":0},"end":{"line":1,"column":59}},"1":{"start":{"line":15,"column":0},"end":{"line":15,"column":52}},"2":{"start":{"line":16,"column":0},"end":{"line":16,"column":22}},"3":{"start":{"line":17,"column":0},"end":{"line":17,"column":88}},"4":{"start":{"line":18,"column":0},"end":{"line":18,"column":76}},"5":{"start":{"line":19,"column":0},"end":{"line":19,"column":58}},"6":{"start":{"line":20,"column":0},"end":{"line":20,"column":59}},"7":{"start":{"line":21,"column":0},"end":{"line":21,"column":52}},"8":{"start":{"line":22,"column":0},"end":{"line":22,"column":35}},"9":{"start":{"line":24,"column":0},"end":{"line":24,"column":25}},"10":{"start":{"line":25,"column":0},"end":{"line":25,"column":47}},"11":{"start":{"line":26,"column":0},"end":{"line":26,"column":22}},"12":{"start":{"line":27,"column":0},"end":{"line":27,"column":52}},"13":{"start":{"line":28,"column":0},"end":{"line":28,"column":51}},"14":{"start":{"line":29,"column":0},"end":{"line":29,"column":21}},"15":{"start":{"line":30,"column":0},"end":{"line":30,"column":66}},"16":{"start":{"line":31,"column":0},"end":{"line":31,"column":46}},"17":{"start":{"line":32,"column":0},"end":{"line":32,"column":24}},"18":{"start":{"line":33,"column":0},"end":{"line":33,"column":101}},"19":{"start":{"line":34,"column":0},"end":{"line":34,"column":66}},"20":{"start":{"line":35,"column":0},"end":{"line":35,"column":26}},"21":{"start":{"line":36,"column":0},"end":{"line":36,"column":66}},"22":{"start":{"line":37,"column":0},"end":{"line":37,"column":62}},"23":{"start":{"line":38,"column":0},"end":{"line":38,"column":69}},"24":{"start":{"line":39,"column":0},"end":{"line":39,"column":4}},"25":{"start":{"line":40,"column":0},"end":{"line":40,"column":48}},"26":{"start":{"line":41,"column":0},"end":{"line":41,"column":1}},"27":{"start":{"line":43,"column":0},"end":{"line":43,"column":51}},"28":{"start":{"line":44,"column":0},"end":{"line":44,"column":22}},"29":{"start":{"line":45,"column":0},"end":{"line":45,"column":78}},"30":{"start":{"line":46,"column":0},"end":{"line":46,"column":40}},"31":{"start":{"line":47,"column":0},"end":{"line":47,"column":58}},"32":{"start":{"line":48,"column":0},"end":{"line":48,"column":59}},"33":{"start":{"line":49,"column":0},"end":{"line":49,"column":52}},"34":{"start":{"line":50,"column":0},"end":{"line":50,"column":35}},"35":{"start":{"line":52,"column":0},"end":{"line":52,"column":25}},"36":{"start":{"line":53,"column":0},"end":{"line":53,"column":47}},"37":{"start":{"line":54,"column":0},"end":{"line":54,"column":22}},"38":{"start":{"line":55,"column":0},"end":{"line":55,"column":50}},"39":{"start":{"line":56,"column":0},"end":{"line":56,"column":51}},"40":{"start":{"line":57,"column":0},"end":{"line":57,"column":21}},"41":{"start":{"line":58,"column":0},"end":{"line":58,"column":66}},"42":{"start":{"line":59,"column":0},"end":{"line":59,"column":46}},"43":{"start":{"line":60,"column":0},"end":{"line":60,"column":24}},"44":{"start":{"line":61,"column":0},"end":{"line":61,"column":101}},"45":{"start":{"line":62,"column":0},"end":{"line":62,"column":66}},"46":{"start":{"line":63,"column":0},"end":{"line":63,"column":26}},"47":{"start":{"line":64,"column":0},"end":{"line":64,"column":66}},"48":{"start":{"line":65,"column":0},"end":{"line":65,"column":62}},"49":{"start":{"line":66,"column":0},"end":{"line":66,"column":68}},"50":{"start":{"line":67,"column":0},"end":{"line":67,"column":4}},"51":{"start":{"line":68,"column":0},"end":{"line":68,"column":47}},"52":{"start":{"line":69,"column":0},"end":{"line":69,"column":1}},"53":{"start":{"line":71,"column":0},"end":{"line":71,"column":53}},"54":{"start":{"line":72,"column":0},"end":{"line":72,"column":75}},"55":{"start":{"line":73,"column":0},"end":{"line":73,"column":25}},"56":{"start":{"line":74,"column":0},"end":{"line":74,"column":42}},"57":{"start":{"line":75,"column":0},"end":{"line":75,"column":82}},"58":{"start":{"line":76,"column":0},"end":{"line":76,"column":42}},"59":{"start":{"line":78,"column":0},"end":{"line":78,"column":43}},"60":{"start":{"line":79,"column":0},"end":{"line":79,"column":32}},"61":{"start":{"line":80,"column":0},"end":{"line":80,"column":48}},"62":{"start":{"line":81,"column":0},"end":{"line":81,"column":46}},"63":{"start":{"line":82,"column":0},"end":{"line":82,"column":37}},"64":{"start":{"line":84,"column":0},"end":{"line":84,"column":25}},"65":{"start":{"line":85,"column":0},"end":{"line":85,"column":46}},"66":{"start":{"line":86,"column":0},"end":{"line":86,"column":28}},"67":{"start":{"line":87,"column":0},"end":{"line":87,"column":47}},"68":{"start":{"line":88,"column":0},"end":{"line":88,"column":55}},"69":{"start":{"line":89,"column":0},"end":{"line":89,"column":24}},"70":{"start":{"line":90,"column":0},"end":{"line":90,"column":47}},"71":{"start":{"line":91,"column":0},"end":{"line":91,"column":22}},"72":{"start":{"line":92,"column":0},"end":{"line":92,"column":63}},"73":{"start":{"line":93,"column":0},"end":{"line":93,"column":55}},"74":{"start":{"line":94,"column":0},"end":{"line":94,"column":31}},"75":{"start":{"line":95,"column":0},"end":{"line":95,"column":77}},"76":{"start":{"line":96,"column":0},"end":{"line":96,"column":65}},"77":{"start":{"line":97,"column":0},"end":{"line":97,"column":74}},"78":{"start":{"line":98,"column":0},"end":{"line":98,"column":4}},"79":{"start":{"line":99,"column":0},"end":{"line":99,"column":50}},"80":{"start":{"line":100,"column":0},"end":{"line":100,"column":1}},"81":{"start":{"line":109,"column":0},"end":{"line":109,"column":59}},"82":{"start":{"line":110,"column":0},"end":{"line":110,"column":78}},"83":{"start":{"line":111,"column":0},"end":{"line":111,"column":1}}},"s":{"0":2,"1":2,"2":10,"3":10,"4":10,"5":10,"6":10,"7":10,"8":10,"9":10,"10":10,"11":10,"12":10,"13":10,"14":10,"15":10,"16":10,"17":10,"18":10,"19":10,"20":10,"21":10,"22":10,"23":10,"24":10,"25":10,"26":10,"27":2,"28":8,"29":8,"30":8,"31":8,"32":8,"33":8,"34":8,"35":8,"36":8,"37":8,"38":8,"39":8,"40":8,"41":8,"42":8,"43":8,"44":8,"45":8,"46":8,"47":8,"48":8,"49":8,"50":8,"51":8,"52":8,"53":2,"54":8,"55":8,"56":8,"57":8,"58":8,"59":8,"60":8,"61":8,"62":8,"63":8,"64":8,"65":8,"66":8,"67":8,"68":8,"69":8,"70":8,"71":8,"72":8,"73":8,"74":8,"75":8,"76":8,"77":8,"78":8,"79":8,"80":8,"81":2,"82":7,"83":7},"branchMap":{"0":{"type":"branch","line":15,"loc":{"start":{"line":15,"column":7},"end":{"line":41,"column":1}},"locations":[{"start":{"line":15,"column":7},"end":{"line":41,"column":1}}]},"1":{"type":"branch","line":43,"loc":{"start":{"line":43,"column":7},"end":{"line":69,"column":1}},"locations":[{"start":{"line":43,"column":7},"end":{"line":69,"column":1}}]},"2":{"type":"branch","line":71,"loc":{"start":{"line":71,"column":7},"end":{"line":100,"column":1}},"locations":[{"start":{"line":71,"column":7},"end":{"line":100,"column":1}}]},"3":{"type":"branch","line":109,"loc":{"start":{"line":109,"column":7},"end":{"line":111,"column":1}},"locations":[{"start":{"line":109,"column":7},"end":{"line":111,"column":1}}]}},"b":{"0":[10],"1":[8],"2":[8],"3":[7]},"fnMap":{"0":{"name":"draftFront","decl":{"start":{"line":15,"column":7},"end":{"line":41,"column":1}},"loc":{"start":{"line":15,"column":7},"end":{"line":41,"column":1}},"line":15},"1":{"name":"draftBack","decl":{"start":{"line":43,"column":7},"end":{"line":69,"column":1}},"loc":{"start":{"line":43,"column":7},"end":{"line":69,"column":1}},"line":43},"2":{"name":"draftSleeve","decl":{"start":{"line":71,"column":7},"end":{"line":100,"column":1}},"loc":{"start":{"line":71,"column":7},"end":{"line":100,"column":1}},"line":71},"3":{"name":"draftTshirt","decl":{"start":{"line":109,"column":7},"end":{"line":111,"column":1}},"loc":{"start":{"line":109,"column":7},"end":{"line":111,"column":1}},"line":109}},"f":{"0":10,"1":8,"2":8,"3":7}}
,"F:\\designApp\\src\\geometry\\curve.ts": {"path":"F:\\designApp\\src\\geometry\\curve.ts","all":false,"statementMap":{"0":{"start":{"line":1,"column":0},"end":{"line":1,"column":78}},"1":{"start":{"line":15,"column":0},"end":{"line":15,"column":62}},"2":{"start":{"line":16,"column":0},"end":{"line":16,"column":18}},"3":{"start":{"line":17,"column":0},"end":{"line":17,"column":22}},"4":{"start":{"line":18,"column":0},"end":{"line":18,"column":26}},"5":{"start":{"line":19,"column":0},"end":{"line":19,"column":26}},"6":{"start":{"line":20,"column":0},"end":{"line":20,"column":22}},"7":{"start":{"line":21,"column":0},"end":{"line":21,"column":10}},"8":{"start":{"line":22,"column":0},"end":{"line":22,"column":73}},"9":{"start":{"line":23,"column":0},"end":{"line":23,"column":73}},"10":{"start":{"line":24,"column":0},"end":{"line":24,"column":4}},"11":{"start":{"line":25,"column":0},"end":{"line":25,"column":1}},"12":{"start":{"line":32,"column":0},"end":{"line":32,"column":68}},"13":{"start":{"line":33,"column":0},"end":{"line":33,"column":16}},"14":{"start":{"line":34,"column":0},"end":{"line":34,"column":21}},"15":{"start":{"line":35,"column":0},"end":{"line":35,"column":39}},"16":{"start":{"line":36,"column":0},"end":{"line":36,"column":45}},"17":{"start":{"line":37,"column":0},"end":{"line":37,"column":34}},"18":{"start":{"line":38,"column":0},"end":{"line":38,"column":16}},"19":{"start":{"line":39,"column":0},"end":{"line":39,"column":3}},"20":{"start":{"line":40,"column":0},"end":{"line":40,"column":15}},"21":{"start":{"line":41,"column":0},"end":{"line":41,"column":1}}},"s":{"0":2,"1":2,"2":1299,"3":1299,"4":1299,"5":1299,"6":1299,"7":1299,"8":1299,"9":1299,"10":1299,"11":1299,"12":2,"13":6,"14":6,"15":6,"16":1296,"17":1296,"18":1296,"19":1296,"20":6,"21":6},"branchMap":{"0":{"type":"branch","line":15,"loc":{"start":{"line":15,"column":7},"end":{"line":25,"column":1}},"locations":[{"start":{"line":15,"column":7},"end":{"line":25,"column":1}}]},"1":{"type":"branch","line":32,"loc":{"start":{"line":32,"column":7},"end":{"line":41,"column":1}},"locations":[{"start":{"line":32,"column":7},"end":{"line":41,"column":1}}]},"2":{"type":"branch","line":35,"loc":{"start":{"line":35,"column":38},"end":{"line":39,"column":3}},"locations":[{"start":{"line":35,"column":38},"end":{"line":39,"column":3}}]}},"b":{"0":[1299],"1":[6],"2":[1296]},"fnMap":{"0":{"name":"cubicPoint","decl":{"start":{"line":15,"column":7},"end":{"line":25,"column":1}},"loc":{"start":{"line":15,"column":7},"end":{"line":25,"column":1}},"line":15},"1":{"name":"cubicLength","decl":{"start":{"line":32,"column":7},"end":{"line":41,"column":1}},"loc":{"start":{"line":32,"column":7},"end":{"line":41,"column":1}},"line":32}},"f":{"0":1299,"1":6}}
,"F:\\designApp\\src\\geometry\\point.ts": {"path":"F:\\designApp\\src\\geometry\\point.ts","all":false,"statementMap":{"0":{"start":{"line":10,"column":0},"end":{"line":10,"column":52}},"1":{"start":{"line":11,"column":0},"end":{"line":11,"column":18}},"2":{"start":{"line":12,"column":0},"end":{"line":12,"column":1}},"3":{"start":{"line":15,"column":0},"end":{"line":15,"column":54}},"4":{"start":{"line":16,"column":0},"end":{"line":16,"column":42}},"5":{"start":{"line":17,"column":0},"end":{"line":17,"column":1}},"6":{"start":{"line":20,"column":0},"end":{"line":20,"column":60}},"7":{"start":{"line":21,"column":0},"end":{"line":21,"column":64}},"8":{"start":{"line":22,"column":0},"end":{"line":22,"column":1}}},"s":{"0":2,"1":299,"2":299,"3":2,"4":1306,"5":1306,"6":2,"7":3,"8":3},"branchMap":{"0":{"type":"branch","line":10,"loc":{"start":{"line":10,"column":7},"end":{"line":12,"column":1}},"locations":[{"start":{"line":10,"column":7},"end":{"line":12,"column":1}}]},"1":{"type":"branch","line":15,"loc":{"start":{"line":15,"column":7},"end":{"line":17,"column":1}},"locations":[{"start":{"line":15,"column":7},"end":{"line":17,"column":1}}]},"2":{"type":"branch","line":20,"loc":{"start":{"line":20,"column":7},"end":{"line":22,"column":1}},"locations":[{"start":{"line":20,"column":7},"end":{"line":22,"column":1}}]}},"b":{"0":[299],"1":[1306],"2":[3]},"fnMap":{"0":{"name":"point","decl":{"start":{"line":10,"column":7},"end":{"line":12,"column":1}},"loc":{"start":{"line":10,"column":7},"end":{"line":12,"column":1}},"line":10},"1":{"name":"distance","decl":{"start":{"line":15,"column":7},"end":{"line":17,"column":1}},"loc":{"start":{"line":15,"column":7},"end":{"line":17,"column":1}},"line":15},"2":{"name":"lerp","decl":{"start":{"line":20,"column":7},"end":{"line":22,"column":1}},"loc":{"start":{"line":20,"column":7},"end":{"line":22,"column":1}},"line":20}},"f":{"0":299,"1":1306,"2":3}}
,"F:\\designApp\\src\\render\\canvas.ts": {"path":"F:\\designApp\\src\\render\\canvas.ts","all":false,"statementMap":{"0":{"start":{"line":1,"column":0},"end":{"line":1,"column":79}},"1":{"start":{"line":9,"column":0},"end":{"line":9,"column":65}},"2":{"start":{"line":12,"column":0},"end":{"line":12,"column":64}},"3":{"start":{"line":13,"column":0},"end":{"line":13,"column":72}},"4":{"start":{"line":14,"column":0},"end":{"line":14,"column":54}},"5":{"start":{"line":15,"column":0},"end":{"line":15,"column":91}},"6":{"start":{"line":16,"column":0},"end":{"line":16,"column":95}},"7":{"start":{"line":17,"column":0},"end":{"line":17,"column":1}},"8":{"start":{"line":19,"column":0},"end":{"line":19,"column":93}},"9":{"start":{"line":20,"column":0},"end":{"line":20,"column":86}},"10":{"start":{"line":21,"column":0},"end":{"line":21,"column":86}},"11":{"start":{"line":22,"column":0},"end":{"line":22,"column":1}},"12":{"start":{"line":25,"column":0},"end":{"line":25,"column":19}},"13":{"start":{"line":26,"column":0},"end":{"line":26,"column":22}},"14":{"start":{"line":27,"column":0},"end":{"line":27,"column":14}},"15":{"start":{"line":39,"column":0},"end":{"line":39,"column":95}},"16":{"start":{"line":40,"column":0},"end":{"line":40,"column":24}},"17":{"start":{"line":41,"column":0},"end":{"line":41,"column":15}},"18":{"start":{"line":42,"column":0},"end":{"line":42,"column":40}},"19":{"start":{"line":43,"column":0},"end":{"line":43,"column":33}},"20":{"start":{"line":44,"column":0},"end":{"line":44,"column":26}},"21":{"start":{"line":45,"column":0},"end":{"line":45,"column":58}},"22":{"start":{"line":46,"column":0},"end":{"line":46,"column":58}},"23":{"start":{"line":47,"column":0},"end":{"line":47,"column":6}},"24":{"start":{"line":48,"column":0},"end":{"line":48,"column":28}},"25":{"start":{"line":49,"column":0},"end":{"line":49,"column":36}},"26":{"start":{"line":50,"column":0},"end":{"line":50,"column":16}},"27":{"start":{"line":51,"column":0},"end":{"line":51,"column":5}},"28":{"start":{"line":52,"column":0},"end":{"line":52,"column":90}},"29":{"start":{"line":53,"column":0},"end":{"line":53,"column":1}},"30":{"start":{"line":56,"column":0},"end":{"line":56,"column":69}},"31":{"start":{"line":57,"column":0},"end":{"line":57,"column":32}},"32":{"start":{"line":58,"column":0},"end":{"line":58,"column":45}},"33":{"start":{"line":59,"column":0},"end":{"line":59,"column":85}},"34":{"start":{"line":60,"column":0},"end":{"line":60,"column":83}},"35":{"start":{"line":62,"column":0},"end":{"line":62,"column":91}},"36":{"start":{"line":63,"column":0},"end":{"line":63,"column":1}},"37":{"start":{"line":65,"column":0},"end":{"line":65,"column":67}},"38":{"start":{"line":66,"column":0},"end":{"line":66,"column":73}},"39":{"start":{"line":67,"column":0},"end":{"line":67,"column":67}},"40":{"start":{"line":68,"column":0},"end":{"line":68,"column":1}},"41":{"start":{"line":70,"column":0},"end":{"line":70,"column":60}},"42":{"start":{"line":71,"column":0},"end":{"line":71,"column":50}},"43":{"start":{"line":72,"column":0},"end":{"line":72,"column":48}},"44":{"start":{"line":73,"column":0},"end":{"line":73,"column":87}},"45":{"start":{"line":74,"column":0},"end":{"line":74,"column":104}},"46":{"start":{"line":75,"column":0},"end":{"line":75,"column":86}},"47":{"start":{"line":76,"column":0},"end":{"line":76,"column":94}},"48":{"start":{"line":77,"column":0},"end":{"line":77,"column":68}},"49":{"start":{"line":78,"column":0},"end":{"line":78,"column":63}},"50":{"start":{"line":79,"column":0},"end":{"line":79,"column":38}},"51":{"start":{"line":80,"column":0},"end":{"line":80,"column":1}},"52":{"start":{"line":82,"column":0},"end":{"line":82,"column":59}},"53":{"start":{"line":83,"column":0},"end":{"line":83,"column":17}},"54":{"start":{"line":84,"column":0},"end":{"line":84,"column":29}},"55":{"start":{"line":85,"column":0},"end":{"line":85,"column":50}},"56":{"start":{"line":86,"column":0},"end":{"line":86,"column":50}},"57":{"start":{"line":87,"column":0},"end":{"line":87,"column":76}},"58":{"start":{"line":88,"column":0},"end":{"line":88,"column":3}},"59":{"start":{"line":89,"column":0},"end":{"line":89,"column":51}},"60":{"start":{"line":90,"column":0},"end":{"line":90,"column":50}},"61":{"start":{"line":91,"column":0},"end":{"line":91,"column":75}},"62":{"start":{"line":92,"column":0},"end":{"line":92,"column":3}},"63":{"start":{"line":93,"column":0},"end":{"line":93,"column":24}},"64":{"start":{"line":94,"column":0},"end":{"line":94,"column":1}},"65":{"start":{"line":101,"column":0},"end":{"line":101,"column":96}},"66":{"start":{"line":102,"column":0},"end":{"line":102,"column":77}},"67":{"start":{"line":103,"column":0},"end":{"line":103,"column":50}},"68":{"start":{"line":104,"column":0},"end":{"line":104,"column":83}},"69":{"start":{"line":105,"column":0},"end":{"line":105,"column":78}},"70":{"start":{"line":106,"column":0},"end":{"line":106,"column":96}},"71":{"start":{"line":107,"column":0},"end":{"line":107,"column":100}},"72":{"start":{"line":108,"column":0},"end":{"line":108,"column":47}},"73":{"start":{"line":109,"column":0},"end":{"line":109,"column":1}}},"s":{"0":2,"1":2,"2":555,"3":555,"4":555,"5":555,"6":555,"7":555,"8":55,"9":55,"10":55,"11":55,"12":2,"13":2,"14":2,"15":12,"16":12,"17":12,"18":12,"19":33,"20":33,"21":33,"22":33,"23":33,"24":33,"25":33,"26":33,"27":12,"28":12,"29":12,"30":33,"31":33,"32":33,"33":66,"34":66,"35":33,"36":33,"37":22,"38":22,"39":22,"40":22,"41":33,"42":33,"43":33,"44":33,"45":33,"46":33,"47":33,"48":33,"49":33,"50":33,"51":33,"52":12,"53":12,"54":12,"55":12,"56":298,"57":298,"58":298,"59":12,"60":202,"61":202,"62":202,"63":12,"64":12,"65":2,"66":12,"67":12,"68":12,"69":12,"70":12,"71":12,"72":12,"73":12},"branchMap":{"0":{"type":"branch","line":9,"loc":{"start":{"line":9,"column":14},"end":{"line":9,"column":65}},"locations":[{"start":{"line":9,"column":14},"end":{"line":9,"column":65}}]},"1":{"type":"branch","line":12,"loc":{"start":{"line":12,"column":0},"end":{"line":17,"column":1}},"locations":[{"start":{"line":12,"column":0},"end":{"line":17,"column":1}}]},"2":{"type":"branch","line":14,"loc":{"start":{"line":14,"column":12},"end":{"line":14,"column":51}},"locations":[{"start":{"line":14,"column":12},"end":{"line":14,"column":51}}]},"3":{"type":"branch","line":14,"loc":{"start":{"line":14,"column":45},"end":{"line":14,"column":54}},"locations":[{"start":{"line":14,"column":45},"end":{"line":14,"column":54}}]},"4":{"type":"branch","line":19,"loc":{"start":{"line":19,"column":0},"end":{"line":22,"column":1}},"locations":[{"start":{"line":19,"column":0},"end":{"line":22,"column":1}}]},"5":{"type":"branch","line":39,"loc":{"start":{"line":39,"column":0},"end":{"line":53,"column":1}},"locations":[{"start":{"line":39,"column":0},"end":{"line":53,"column":1}}]},"6":{"type":"branch","line":42,"loc":{"start":{"line":42,"column":28},"end":{"line":51,"column":3}},"locations":[{"start":{"line":42,"column":28},"end":{"line":51,"column":3}}]},"7":{"type":"branch","line":56,"loc":{"start":{"line":56,"column":0},"end":{"line":63,"column":1}},"locations":[{"start":{"line":56,"column":0},"end":{"line":63,"column":1}}]},"8":{"type":"branch","line":58,"loc":{"start":{"line":58,"column":18},"end":{"line":60,"column":83}},"locations":[{"start":{"line":58,"column":18},"end":{"line":60,"column":83}}]},"9":{"type":"branch","line":65,"loc":{"start":{"line":65,"column":0},"end":{"line":68,"column":1}},"locations":[{"start":{"line":65,"column":0},"end":{"line":68,"column":1}}]},"10":{"type":"branch","line":70,"loc":{"start":{"line":70,"column":0},"end":{"line":80,"column":1}},"locations":[{"start":{"line":70,"column":0},"end":{"line":80,"column":1}}]},"11":{"type":"branch","line":71,"loc":{"start":{"line":71,"column":17},"end":{"line":71,"column":43}},"locations":[{"start":{"line":71,"column":17},"end":{"line":71,"column":43}}]},"12":{"type":"branch","line":71,"loc":{"start":{"line":71,"column":30},"end":{"line":71,"column":50}},"locations":[{"start":{"line":71,"column":30},"end":{"line":71,"column":50}}]},"13":{"type":"branch","line":72,"loc":{"start":{"line":72,"column":15},"end":{"line":72,"column":41}},"locations":[{"start":{"line":72,"column":15},"end":{"line":72,"column":41}}]},"14":{"type":"branch","line":72,"loc":{"start":{"line":72,"column":28},"end":{"line":72,"column":48}},"locations":[{"start":{"line":72,"column":28},"end":{"line":72,"column":48}}]},"15":{"type":"branch","line":74,"loc":{"start":{"line":74,"column":21},"end":{"line":74,"column":36}},"locations":[{"start":{"line":74,"column":21},"end":{"line":74,"column":36}}]},"16":{"type":"branch","line":74,"loc":{"start":{"line":74,"column":32},"end":{"line":74,"column":39}},"locations":[{"start":{"line":74,"column":32},"end":{"line":74,"column":39}}]},"17":{"type":"branch","line":78,"loc":{"start":{"line":78,"column":23},"end":{"line":78,"column":60}},"locations":[{"start":{"line":78,"column":23},"end":{"line":78,"column":60}}]},"18":{"type":"branch","line":78,"loc":{"start":{"line":78,"column":56},"end":{"line":78,"column":63}},"locations":[{"start":{"line":78,"column":56},"end":{"line":78,"column":63}}]},"19":{"type":"branch","line":82,"loc":{"start":{"line":82,"column":0},"end":{"line":94,"column":1}},"locations":[{"start":{"line":82,"column":0},"end":{"line":94,"column":1}}]},"20":{"type":"branch","line":85,"loc":{"start":{"line":85,"column":49},"end":{"line":88,"column":3}},"locations":[{"start":{"line":85,"column":49},"end":{"line":88,"column":3}}]},"21":{"type":"branch","line":87,"loc":{"start":{"line":87,"column":40},"end":{"line":87,"column":64}},"locations":[{"start":{"line":87,"column":40},"end":{"line":87,"column":64}}]},"22":{"type":"branch","line":87,"loc":{"start":{"line":87,"column":51},"end":{"line":87,"column":72}},"locations":[{"start":{"line":87,"column":51},"end":{"line":87,"column":72}}]},"23":{"type":"branch","line":89,"loc":{"start":{"line":89,"column":50},"end":{"line":92,"column":3}},"locations":[{"start":{"line":89,"column":50},"end":{"line":92,"column":3}}]},"24":{"type":"branch","line":91,"loc":{"start":{"line":91,"column":39},"end":{"line":91,"column":63}},"locations":[{"start":{"line":91,"column":39},"end":{"line":91,"column":63}}]},"25":{"type":"branch","line":91,"loc":{"start":{"line":91,"column":50},"end":{"line":91,"column":71}},"locations":[{"start":{"line":91,"column":50},"end":{"line":91,"column":71}}]},"26":{"type":"branch","line":101,"loc":{"start":{"line":101,"column":7},"end":{"line":109,"column":1}},"locations":[{"start":{"line":101,"column":7},"end":{"line":109,"column":1}}]},"27":{"type":"branch","line":102,"loc":{"start":{"line":102,"column":25},"end":{"line":102,"column":77}},"locations":[{"start":{"line":102,"column":25},"end":{"line":102,"column":77}}]},"28":{"type":"branch","line":104,"loc":{"start":{"line":104,"column":26},"end":{"line":104,"column":72}},"locations":[{"start":{"line":104,"column":26},"end":{"line":104,"column":72}}]},"29":{"type":"branch","line":102,"loc":{"start":{"line":102,"column":52},"end":{"line":102,"column":73}},"locations":[{"start":{"line":102,"column":52},"end":{"line":102,"column":73}}]},"30":{"type":"branch","line":102,"loc":{"start":{"line":102,"column":66},"end":{"line":102,"column":77}},"locations":[{"start":{"line":102,"column":66},"end":{"line":102,"column":77}}]}},"b":{"0":[2840],"1":[555],"2":[22],"3":[533],"4":[55],"5":[12],"6":[33],"7":[33],"8":[66],"9":[22],"10":[33],"11":[11],"12":[22],"13":[11],"14":[22],"15":[11],"16":[22],"17":[22],"18":[11],"19":[12],"20":[298],"21":[150],"22":[148],"23":[202],"24":[101],"25":[101],"26":[12],"27":[6],"28":[33],"29":[5],"30":[1]},"fnMap":{"0":{"name":"round","decl":{"start":{"line":9,"column":14},"end":{"line":9,"column":65}},"loc":{"start":{"line":9,"column":14},"end":{"line":9,"column":65}},"line":9},"1":{"name":"svgLine","decl":{"start":{"line":12,"column":0},"end":{"line":17,"column":1}},"loc":{"start":{"line":12,"column":0},"end":{"line":17,"column":1}},"line":12},"2":{"name":"svgText","decl":{"start":{"line":19,"column":0},"end":{"line":22,"column":1}},"loc":{"start":{"line":19,"column":0},"end":{"line":22,"column":1}},"line":19},"3":{"name":"place","decl":{"start":{"line":39,"column":0},"end":{"line":53,"column":1}},"loc":{"start":{"line":39,"column":0},"end":{"line":53,"column":1}},"line":39},"4":{"name":"grainline","decl":{"start":{"line":56,"column":0},"end":{"line":63,"column":1}},"loc":{"start":{"line":56,"column":0},"end":{"line":63,"column":1}},"line":56},"5":{"name":"chevron","decl":{"start":{"line":58,"column":18},"end":{"line":60,"column":83}},"loc":{"start":{"line":58,"column":18},"end":{"line":60,"column":83}},"line":58},"6":{"name":"foldMark","decl":{"start":{"line":65,"column":0},"end":{"line":68,"column":1}},"loc":{"start":{"line":65,"column":0},"end":{"line":68,"column":1}},"line":65},"7":{"name":"renderPiece","decl":{"start":{"line":70,"column":0},"end":{"line":80,"column":1}},"loc":{"start":{"line":70,"column":0},"end":{"line":80,"column":1}},"line":70},"8":{"name":"buildGrid","decl":{"start":{"line":82,"column":0},"end":{"line":94,"column":1}},"loc":{"start":{"line":82,"column":0},"end":{"line":94,"column":1}},"line":82},"9":{"name":"renderBlueprint","decl":{"start":{"line":101,"column":7},"end":{"line":109,"column":1}},"loc":{"start":{"line":101,"column":7},"end":{"line":109,"column":1}},"line":101}},"f":{"0":2840,"1":555,"2":55,"3":12,"4":33,"5":66,"6":22,"7":33,"8":12,"9":12}}
,"F:\\designApp\\src\\render\\shape.ts": {"path":"F:\\designApp\\src\\render\\shape.ts","all":false,"statementMap":{"0":{"start":{"line":1,"column":0},"end":{"line":1,"column":62}},"1":{"start":{"line":7,"column":0},"end":{"line":7,"column":65}},"2":{"start":{"line":10,"column":0},"end":{"line":10,"column":51}},"3":{"start":{"line":11,"column":0},"end":{"line":11,"column":29}},"4":{"start":{"line":12,"column":0},"end":{"line":12,"column":36}},"5":{"start":{"line":13,"column":0},"end":{"line":13,"column":18}},"6":{"start":{"line":14,"column":0},"end":{"line":14,"column":32}},"7":{"start":{"line":15,"column":0},"end":{"line":15,"column":50}},"8":{"start":{"line":16,"column":0},"end":{"line":16,"column":5}},"9":{"start":{"line":17,"column":0},"end":{"line":17,"column":31}},"10":{"start":{"line":18,"column":0},"end":{"line":18,"column":64}},"11":{"start":{"line":19,"column":0},"end":{"line":19,"column":12}},"12":{"start":{"line":20,"column":0},"end":{"line":20,"column":27}},"13":{"start":{"line":21,"column":0},"end":{"line":21,"column":17}},"14":{"start":{"line":22,"column":0},"end":{"line":22,"column":60}},"15":{"start":{"line":23,"column":0},"end":{"line":23,"column":58}},"16":{"start":{"line":24,"column":0},"end":{"line":24,"column":45}},"17":{"start":{"line":25,"column":0},"end":{"line":25,"column":8}},"18":{"start":{"line":26,"column":0},"end":{"line":26,"column":5}},"19":{"start":{"line":27,"column":0},"end":{"line":27,"column":5}},"20":{"start":{"line":28,"column":0},"end":{"line":28,"column":18}},"21":{"start":{"line":29,"column":0},"end":{"line":29,"column":25}},"22":{"start":{"line":30,"column":0},"end":{"line":30,"column":1}},"23":{"start":{"line":40,"column":0},"end":{"line":40,"column":51}},"24":{"start":{"line":41,"column":0},"end":{"line":41,"column":26}},"25":{"start":{"line":42,"column":0},"end":{"line":42,"column":26}},"26":{"start":{"line":43,"column":0},"end":{"line":43,"column":32}},"27":{"start":{"line":44,"column":0},"end":{"line":44,"column":49}},"28":{"start":{"line":45,"column":0},"end":{"line":45,"column":19}},"29":{"start":{"line":46,"column":0},"end":{"line":46,"column":19}},"30":{"start":{"line":47,"column":0},"end":{"line":47,"column":5}},"31":{"start":{"line":48,"column":0},"end":{"line":48,"column":3}},"32":{"start":{"line":49,"column":0},"end":{"line":49,"column":31}},"33":{"start":{"line":50,"column":0},"end":{"line":50,"column":31}},"34":{"start":{"line":51,"column":0},"end":{"line":51,"column":87}},"35":{"start":{"line":52,"column":0},"end":{"line":52,"column":1}}},"s":{"0":2,"1":2,"2":2,"3":35,"4":35,"5":197,"6":35,"7":35,"8":35,"9":197,"10":129,"11":197,"12":68,"13":68,"14":68,"15":68,"16":68,"17":68,"18":68,"19":35,"20":35,"21":35,"22":35,"23":2,"24":35,"25":35,"26":35,"27":197,"28":394,"29":394,"30":394,"31":197,"32":35,"33":35,"34":35,"35":35},"branchMap":{"0":{"type":"branch","line":7,"loc":{"start":{"line":7,"column":14},"end":{"line":7,"column":65}},"locations":[{"start":{"line":7,"column":14},"end":{"line":7,"column":65}}]},"1":{"type":"branch","line":10,"loc":{"start":{"line":10,"column":7},"end":{"line":30,"column":1}},"locations":[{"start":{"line":10,"column":7},"end":{"line":30,"column":1}}]},"2":{"type":"branch","line":12,"loc":{"start":{"line":12,"column":22},"end":{"line":27,"column":3}},"locations":[{"start":{"line":12,"column":22},"end":{"line":27,"column":3}}]},"3":{"type":"branch","line":13,"loc":{"start":{"line":13,"column":17},"end":{"line":16,"column":5}},"locations":[{"start":{"line":13,"column":17},"end":{"line":16,"column":5}}]},"4":{"type":"branch","line":17,"loc":{"start":{"line":17,"column":30},"end":{"line":19,"column":11}},"locations":[{"start":{"line":17,"column":30},"end":{"line":19,"column":11}}]},"5":{"type":"branch","line":19,"loc":{"start":{"line":19,"column":4},"end":{"line":26,"column":5}},"locations":[{"start":{"line":19,"column":4},"end":{"line":26,"column":5}}]},"6":{"type":"branch","line":40,"loc":{"start":{"line":40,"column":7},"end":{"line":52,"column":1}},"locations":[{"start":{"line":40,"column":7},"end":{"line":52,"column":1}}]},"7":{"type":"branch","line":43,"loc":{"start":{"line":43,"column":31},"end":{"line":48,"column":3}},"locations":[{"start":{"line":43,"column":31},"end":{"line":48,"column":3}}]},"8":{"type":"branch","line":44,"loc":{"start":{"line":44,"column":48},"end":{"line":47,"column":5}},"locations":[{"start":{"line":44,"column":48},"end":{"line":47,"column":5}}]}},"b":{"0":[736],"1":[35],"2":[197],"3":[35],"4":[129],"5":[68],"6":[35],"7":[197],"8":[394]},"fnMap":{"0":{"name":"round","decl":{"start":{"line":7,"column":14},"end":{"line":7,"column":65}},"loc":{"start":{"line":7,"column":14},"end":{"line":7,"column":65}},"line":7},"1":{"name":"pieceToPath","decl":{"start":{"line":10,"column":7},"end":{"line":30,"column":1}},"loc":{"start":{"line":10,"column":7},"end":{"line":30,"column":1}},"line":10},"2":{"name":"pieceBounds","decl":{"start":{"line":40,"column":7},"end":{"line":52,"column":1}},"loc":{"start":{"line":40,"column":7},"end":{"line":52,"column":1}},"line":40}},"f":{"0":736,"1":35,"2":35}}
,"F:\\designApp\\src\\render\\theme.ts": {"path":"F:\\designApp\\src\\render\\theme.ts","all":false,"statementMap":{"0":{"start":{"line":5,"column":0},"end":{"line":5,"column":26}},"1":{"start":{"line":6,"column":0},"end":{"line":6,"column":24}},"2":{"start":{"line":7,"column":0},"end":{"line":7,"column":50}},"3":{"start":{"line":8,"column":0},"end":{"line":8,"column":54}},"4":{"start":{"line":9,"column":0},"end":{"line":9,"column":51}},"5":{"start":{"line":10,"column":0},"end":{"line":10,"column":55}},"6":{"start":{"line":11,"column":0},"end":{"line":11,"column":33}},"7":{"start":{"line":12,"column":0},"end":{"line":12,"column":38}},"8":{"start":{"line":13,"column":0},"end":{"line":13,"column":59}},"9":{"start":{"line":14,"column":0},"end":{"line":14,"column":19}},"10":{"start":{"line":15,"column":0},"end":{"line":15,"column":11}}},"s":{"0":2,"1":2,"2":2,"3":2,"4":2,"5":2,"6":2,"7":2,"8":2,"9":2,"10":2},"branchMap":{},"b":{},"fnMap":{},"f":{}}
,"F:\\designApp\\src\\ui\\app.ts": {"path":"F:\\designApp\\src\\ui\\app.ts","all":false,"statementMap":{"0":{"start":{"line":1,"column":0},"end":{"line":1,"column":80}},"9":{"start":{"line":10,"column":0},"end":{"line":10,"column":51}},"10":{"start":{"line":11,"column":0},"end":{"line":11,"column":46}},"11":{"start":{"line":12,"column":0},"end":{"line":12,"column":48}},"13":{"start":{"line":14,"column":0},"end":{"line":14,"column":67}},"14":{"start":{"line":15,"column":0},"end":{"line":15,"column":28}},"15":{"start":{"line":16,"column":0},"end":{"line":16,"column":44}},"16":{"start":{"line":17,"column":0},"end":{"line":17,"column":99}},"17":{"start":{"line":18,"column":0},"end":{"line":18,"column":4}},"18":{"start":{"line":19,"column":0},"end":{"line":19,"column":9}},"20":{"start":{"line":21,"column":0},"end":{"line":21,"column":83}},"21":{"start":{"line":22,"column":0},"end":{"line":22,"column":40}},"22":{"start":{"line":23,"column":0},"end":{"line":23,"column":56}},"24":{"start":{"line":25,"column":0},"end":{"line":25,"column":43}},"25":{"start":{"line":26,"column":0},"end":{"line":26,"column":67}},"26":{"start":{"line":27,"column":0},"end":{"line":27,"column":13}},"27":{"start":{"line":28,"column":0},"end":{"line":28,"column":7}},"29":{"start":{"line":30,"column":0},"end":{"line":30,"column":44}},"30":{"start":{"line":31,"column":0},"end":{"line":31,"column":51}},"31":{"start":{"line":32,"column":0},"end":{"line":32,"column":7}},"32":{"start":{"line":33,"column":0},"end":{"line":33,"column":5}},"33":{"start":{"line":34,"column":0},"end":{"line":34,"column":1}}},"s":{"0":1,"9":1,"10":3,"11":3,"13":3,"14":3,"15":5,"16":5,"17":5,"18":3,"20":3,"21":21,"22":21,"24":21,"25":2,"26":2,"27":21,"29":21,"30":1,"31":21,"32":3,"33":3},"branchMap":{"0":{"type":"branch","line":10,"loc":{"start":{"line":10,"column":7},"end":{"line":34,"column":1}},"locations":[{"start":{"line":10,"column":7},"end":{"line":34,"column":1}}]},"1":{"type":"branch","line":15,"loc":{"start":{"line":15,"column":15},"end":{"line":18,"column":4}},"locations":[{"start":{"line":15,"column":15},"end":{"line":18,"column":4}}]},"2":{"type":"branch","line":21,"loc":{"start":{"line":21,"column":71},"end":{"line":33,"column":3}},"locations":[{"start":{"line":21,"column":71},"end":{"line":33,"column":3}}]},"3":{"type":"branch","line":23,"loc":{"start":{"line":23,"column":30},"end":{"line":23,"column":53}},"locations":[{"start":{"line":23,"column":30},"end":{"line":23,"column":53}}]},"4":{"type":"branch","line":25,"loc":{"start":{"line":25,"column":36},"end":{"line":28,"column":5}},"locations":[{"start":{"line":25,"column":36},"end":{"line":28,"column":5}}]},"5":{"type":"branch","line":30,"loc":{"start":{"line":30,"column":37},"end":{"line":32,"column":5}},"locations":[{"start":{"line":30,"column":37},"end":{"line":32,"column":5}}]}},"b":{"0":[3],"1":[5],"2":[21],"3":[84],"4":[2],"5":[1]},"fnMap":{"0":{"name":"mountApp","decl":{"start":{"line":10,"column":7},"end":{"line":34,"column":1}},"loc":{"start":{"line":10,"column":7},"end":{"line":34,"column":1}},"line":10},"1":{"name":"draw","decl":{"start":{"line":15,"column":15},"end":{"line":18,"column":4}},"loc":{"start":{"line":15,"column":15},"end":{"line":18,"column":4}},"line":15}},"f":{"0":3,"1":5}}
,"F:\\designApp\\src\\ui\\controls.ts": {"path":"F:\\designApp\\src\\ui\\controls.ts","all":false,"statementMap":{"0":{"start":{"line":15,"column":0},"end":{"line":15,"column":41}},"1":{"start":{"line":16,"column":0},"end":{"line":16,"column":62}},"2":{"start":{"line":17,"column":0},"end":{"line":17,"column":78}},"3":{"start":{"line":18,"column":0},"end":{"line":18,"column":61}},"4":{"start":{"line":19,"column":0},"end":{"line":19,"column":64}},"5":{"start":{"line":20,"column":0},"end":{"line":20,"column":76}},"6":{"start":{"line":21,"column":0},"end":{"line":21,"column":75}},"7":{"start":{"line":22,"column":0},"end":{"line":22,"column":58}},"8":{"start":{"line":23,"column":0},"end":{"line":23,"column":2}},"9":{"start":{"line":26,"column":0},"end":{"line":26,"column":72}},"10":{"start":{"line":27,"column":0},"end":{"line":27,"column":45}},"11":{"start":{"line":28,"column":0},"end":{"line":28,"column":1}},"12":{"start":{"line":35,"column":0},"end":{"line":35,"column":87}},"13":{"start":{"line":36,"column":0},"end":{"line":36,"column":24}},"14":{"start":{"line":37,"column":0},"end":{"line":37,"column":32}},"15":{"start":{"line":38,"column":0},"end":{"line":38,"column":62}},"16":{"start":{"line":39,"column":0},"end":{"line":39,"column":1}}},"s":{"0":2,"1":2,"2":2,"3":2,"4":2,"5":2,"6":2,"7":2,"8":2,"9":2,"10":8,"11":8,"12":2,"13":6,"14":6,"15":5,"16":5},"branchMap":{"0":{"type":"branch","line":26,"loc":{"start":{"line":26,"column":7},"end":{"line":28,"column":1}},"locations":[{"start":{"line":26,"column":7},"end":{"line":28,"column":1}}]},"1":{"type":"branch","line":35,"loc":{"start":{"line":35,"column":7},"end":{"line":39,"column":1}},"locations":[{"start":{"line":35,"column":7},"end":{"line":39,"column":1}}]},"2":{"type":"branch","line":37,"loc":{"start":{"line":37,"column":23},"end":{"line":37,"column":32}},"locations":[{"start":{"line":37,"column":23},"end":{"line":37,"column":32}}]},"3":{"type":"branch","line":37,"loc":{"start":{"line":37,"column":30},"end":{"line":39,"column":1}},"locations":[{"start":{"line":37,"column":30},"end":{"line":39,"column":1}}]}},"b":{"0":[8],"1":[6],"2":[1],"3":[5]},"fnMap":{"0":{"name":"clamp","decl":{"start":{"line":26,"column":7},"end":{"line":28,"column":1}},"loc":{"start":{"line":26,"column":7},"end":{"line":28,"column":1}},"line":26},"1":{"name":"applyChange","decl":{"start":{"line":35,"column":7},"end":{"line":39,"column":1}},"loc":{"start":{"line":35,"column":7},"end":{"line":39,"column":1}},"line":35}},"f":{"0":8,"1":6}}
,"F:\\designApp\\src\\ui\\view.ts": {"path":"F:\\designApp\\src\\ui\\view.ts","all":false,"statementMap":{"0":{"start":{"line":1,"column":0},"end":{"line":1,"column":81}},"1":{"start":{"line":9,"column":0},"end":{"line":9,"column":24}},"2":{"start":{"line":10,"column":0},"end":{"line":10,"column":25}},"3":{"start":{"line":12,"column":0},"end":{"line":12,"column":41}},"4":{"start":{"line":13,"column":0},"end":{"line":13,"column":79}},"5":{"start":{"line":14,"column":0},"end":{"line":14,"column":89}},"6":{"start":{"line":16,"column":0},"end":{"line":16,"column":54}},"7":{"start":{"line":17,"column":0},"end":{"line":17,"column":106}},"8":{"start":{"line":18,"column":0},"end":{"line":18,"column":102}},"9":{"start":{"line":19,"column":0},"end":{"line":19,"column":97}},"10":{"start":{"line":20,"column":0},"end":{"line":20,"column":1}},"11":{"start":{"line":23,"column":0},"end":{"line":23,"column":57}},"12":{"start":{"line":24,"column":0},"end":{"line":24,"column":95}},"13":{"start":{"line":25,"column":0},"end":{"line":25,"column":87}},"14":{"start":{"line":28,"column":0},"end":{"line":28,"column":80}},"15":{"start":{"line":29,"column":0},"end":{"line":29,"column":1}},"16":{"start":{"line":32,"column":0},"end":{"line":32,"column":57}},"17":{"start":{"line":33,"column":0},"end":{"line":33,"column":104}},"18":{"start":{"line":34,"column":0},"end":{"line":34,"column":92}},"19":{"start":{"line":35,"column":0},"end":{"line":35,"column":1}}},"s":{"0":2,"1":2,"2":2,"3":35,"4":35,"5":35,"6":35,"7":35,"8":35,"9":35,"10":35,"11":2,"12":5,"13":5,"14":5,"15":5,"16":2,"17":4,"18":4,"19":4},"branchMap":{"0":{"type":"branch","line":12,"loc":{"start":{"line":12,"column":0},"end":{"line":20,"column":1}},"locations":[{"start":{"line":12,"column":0},"end":{"line":20,"column":1}}]},"1":{"type":"branch","line":23,"loc":{"start":{"line":23,"column":7},"end":{"line":29,"column":1}},"locations":[{"start":{"line":23,"column":7},"end":{"line":29,"column":1}}]},"2":{"type":"branch","line":24,"loc":{"start":{"line":24,"column":26},"end":{"line":24,"column":84}},"locations":[{"start":{"line":24,"column":26},"end":{"line":24,"column":84}}]},"3":{"type":"branch","line":32,"loc":{"start":{"line":32,"column":7},"end":{"line":35,"column":1}},"locations":[{"start":{"line":32,"column":7},"end":{"line":35,"column":1}}]}},"b":{"0":[35],"1":[5],"2":[35],"3":[4]},"fnMap":{"0":{"name":"field","decl":{"start":{"line":12,"column":0},"end":{"line":20,"column":1}},"loc":{"start":{"line":12,"column":0},"end":{"line":20,"column":1}},"line":12},"1":{"name":"controlsMarkup","decl":{"start":{"line":23,"column":7},"end":{"line":29,"column":1}},"loc":{"start":{"line":23,"column":7},"end":{"line":29,"column":1}},"line":23},"2":{"name":"appShellMarkup","decl":{"start":{"line":32,"column":7},"end":{"line":35,"column":1}},"loc":{"start":{"line":32,"column":7},"end":{"line":35,"column":1}},"line":32}},"f":{"0":35,"1":5,"2":4}}
}
