{"F:\\designApp\\src\\drafting\\measurements.ts": {"path":"F:\\designApp\\src\\drafting\\measurements.ts","all":false,"statementMap":{"0":{"start":{"line":16,"column":0},"end":{"line":16,"column":41}},"1":{"start":{"line":17,"column":0},"end":{"line":17,"column":43}},"2":{"start":{"line":18,"column":0},"end":{"line":18,"column":59}},"3":{"start":{"line":19,"column":0},"end":{"line":19,"column":2}},"4":{"start":{"line":32,"column":0},"end":{"line":32,"column":50}},"5":{"start":{"line":33,"column":0},"end":{"line":33,"column":41}},"6":{"start":{"line":34,"column":0},"end":{"line":34,"column":10}},"7":{"start":{"line":35,"column":0},"end":{"line":35,"column":43}},"8":{"start":{"line":36,"column":0},"end":{"line":36,"column":38}},"9":{"start":{"line":37,"column":0},"end":{"line":37,"column":18}},"10":{"start":{"line":38,"column":0},"end":{"line":38,"column":38}},"11":{"start":{"line":39,"column":0},"end":{"line":39,"column":23}},"12":{"start":{"line":40,"column":0},"end":{"line":40,"column":21}},"13":{"start":{"line":41,"column":0},"end":{"line":41,"column":4}},"14":{"start":{"line":42,"column":0},"end":{"line":42,"column":1}}},"s":{"0":2,"1":2,"2":2,"3":2,"4":2,"5":126,"6":126,"7":126,"8":126,"9":126,"10":126,"11":126,"12":126,"13":126,"14":126},"branchMap":{"0":{"type":"branch","line":32,"loc":{"start":{"line":32,"column":7},"end":{"line":42,"column":1}},"locations":[{"start":{"line":32,"column":7},"end":{"line":42,"column":1}}]}},"b":{"0":[126]},"fnMap":{"0":{"name":"derive","decl":{"start":{"line":32,"column":7},"end":{"line":42,"column":1}},"loc":{"start":{"line":32,"column":7},"end":{"line":42,"column":1}},"line":32}},"f":{"0":126}}
,"F:\\designApp\\src\\drafting\\piece.ts": {"path":"F:\\designApp\\src\\drafting\\piece.ts","all":false,"statementMap":{"0":{"start":{"line":1,"column":0},"end":{"line":1,"column":75}},"1":{"start":{"line":19,"column":0},"end":{"line":19,"column":43}},"2":{"start":{"line":20,"column":0},"end":{"line":20,"column":53}},"3":{"start":{"line":21,"column":0},"end":{"line":21,"column":1}},"4":{"start":{"line":24,"column":0},"end":{"line":24,"column":41}},"5":{"start":{"line":25,"column":0},"end":{"line":25,"column":49}},"6":{"start":{"line":26,"column":0},"end":{"line":26,"column":1}},"7":{"start":{"line":29,"column":0},"end":{"line":29,"column":45}},"8":{"start":{"line":30,"column":0},"end":{"line":30,"column":77}},"9":{"start":{"line":31,"column":0},"end":{"line":31,"column":1}},"10":{"start":{"line":34,"column":0},"end":{"line":34,"column":61}},"11":{"start":{"line":35,"column":0},"end":{"line":35,"column":57}},"12":{"start":{"line":36,"column":0},"end":{"line":36,"column":83}},"13":{"start":{"line":37,"column":0},"end":{"line":37,"column":15}},"14":{"start":{"line":38,"column":0},"end":{"line":38,"column":1}},"15":{"start":{"line":41,"column":0},"end":{"line":41,"column":49}},"16":{"start":{"line":42,"column":0},"end":{"line":42,"column":64}},"17":{"start":{"line":43,"column":0},"end":{"line":43,"column":1}}},"s":{"0":2,"1":2,"2":297,"3":297,"4":2,"5":255,"6":255,"7":2,"8":100,"9":100,"10":2,"11":102,"12":102,"13":101,"14":101,"15":2,"16":1,"17":1},"branchMap":{"0":{"type":"branch","line":19,"loc":{"start":{"line":19,"column":7},"end":{"line":21,"column":1}},"locations":[{"start":{"line":19,"column":7},"end":{"line":21,"column":1}}]},"1":{"type":"branch","line":20,"loc":{"start":{"line":20,"column":20},"end":{"line":20,"column":39}},"locations":[{"start":{"line":20,"column":20},"end":{"line":20,"column":39}}]},"2":{"type":"branch","line":20,"loc":{"start":{"line":20,"column":31},"end":{"line":20,"column":53}},"locations":[{"start":{"line":20,"column":31},"end":{"line":20,"column":53}}]},"3":{"type":"branch","line":24,"loc":{"start":{"line":24,"column":7},"end":{"line":26,"column":1}},"locations":[{"start":{"line":24,"column":7},"end":{"line":26,"column":1}}]},"4":{"type":"branch","line":25,"loc":{"start":{"line":25,"column":20},"end":{"line":25,"column":37}},"locations":[{"start":{"line":25,"column":20},"end":{"line":25,"column":37}}]},"5":{"type":"branch","line":25,"loc":{"start":{"line":25,"column":31},"end":{"line":25,"column":49}},"locations":[{"start":{"line":25,"column":31},"end":{"line":25,"column":49}}]},"6":{"type":"branch","line":29,"loc":{"start":{"line":29,"column":7},"end":{"line":31,"column":1}},"locations":[{"start":{"line":29,"column":7},"end":{"line":31,"column":1}}]},"7":{"type":"branch","line":30,"loc":{"start":{"line":30,"column":20},"end":{"line":30,"column":56}},"locations":[{"start":{"line":30,"column":20},"end":{"line":30,"column":56}}]},"8":{"type":"branch","line":34,"loc":{"start":{"line":34,"column":7},"end":{"line":38,"column":1}},"locations":[{"start":{"line":34,"column":7},"end":{"line":38,"column":1}}]},"9":{"type":"branch","line":36,"loc":{"start":{"line":36,"column":14},"end":{"line":36,"column":83}},"locations":[{"start":{"line":36,"column":14},"end":{"line":36,"column":83}}]},"10":{"type":"branch","line":35,"loc":{"start":{"line":35,"column":33},"end":{"line":35,"column":55}},"locations":[{"start":{"line":35,"column":33},"end":{"line":35,"column":55}}]},"11":{"type":"branch","line":30,"loc":{"start":{"line":30,"column":52},"end":{"line":30,"column":77}},"locations":[{"start":{"line":30,"column":52},"end":{"line":30,"column":77}}]},"12":{"type":"branch","line":36,"loc":{"start":{"line":36,"column":14},"end":{"line":38,"column":1}},"locations":[{"start":{"line":36,"column":14},"end":{"line":38,"column":1}}]},"13":{"type":"branch","line":41,"loc":{"start":{"line":41,"column":7},"end":{"line":43,"column":1}},"locations":[{"start":{"line":41,"column":7},"end":{"line":43,"column":1}}]},"14":{"type":"branch","line":42,"loc":{"start":{"line":42,"column":28},"end":{"line":42,"column":61}},"locations":[{"start":{"line":42,"column":28},"end":{"line":42,"column":61}}]}},"b":{"0":[297],"1":[165],"2":[132],"3":[255],"4":[166],"5":[89],"6":[100],"7":[18],"8":[102],"9":[1],"10":[261],"11":[82],"12":[101],"13":[1],"14":[4]},"fnMap":{"0":{"name":"edgeStart","decl":{"start":{"line":19,"column":7},"end":{"line":21,"column":1}},"loc":{"start":{"line":19,"column":7},"end":{"line":21,"column":1}},"line":19},"1":{"name":"edgeEnd","decl":{"start":{"line":24,"column":7},"end":{"line":26,"column":1}},"loc":{"start":{"line":24,"column":7},"end":{"line":26,"column":1}},"line":24},"2":{"name":"edgeLength","decl":{"start":{"line":29,"column":7},"end":{"line":31,"column":1}},"loc":{"start":{"line":29,"column":7},"end":{"line":31,"column":1}},"line":29},"3":{"name":"pieceEdge","decl":{"start":{"line":34,"column":7},"end":{"line":38,"column":1}},"loc":{"start":{"line":34,"column":7},"end":{"line":38,"column":1}},"line":34},"4":{"name":"perimeter","decl":{"start":{"line":41,"column":7},"end":{"line":43,"column":1}},"loc":{"start":{"line":41,"column":7},"end":{"line":43,"column":1}},"line":41}},"f":{"0":297,"1":255,"2":100,"3":102,"4":1}}
,"F:\\designApp\\src\\drafting\\tshirt.ts": {"path":"F:\\designApp\\src\\drafting\\tshirt.ts","all":false,"statementMap":{"0":{"start":{"line":1,"column":0},"end":{"line":1,"column":59}},"1":{"start":{"line":18,"column":0},"end":{"line":18,"column":52}},"2":{"start":{"line":19,"column":0},"end":{"line":19,"column":22}},"3":{"start":{"line":20,"column":0},"end":{"line":20,"column":88}},"4":{"start":{"line":21,"column":0},"end":{"line":21,"column":76}},"5":{"start":{"line":22,"column":0},"end":{"line":22,"column":58}},"6":{"start":{"line":23,"column":0},"end":{"line":23,"column":59}},"7":{"start":{"line":24,"column":0},"end":{"line":24,"column":52}},"8":{"start":{"line":25,"column":0},"end":{"line":25,"column":35}},"9":{"start":{"line":27,"column":0},"end":{"line":27,"column":25}},"10":{"start":{"line":28,"column":0},"end":{"line":28,"column":47}},"11":{"start":{"line":29,"column":0},"end":{"line":29,"column":22}},"12":{"start":{"line":30,"column":0},"end":{"line":30,"column":52}},"13":{"start":{"line":31,"column":0},"end":{"line":31,"column":51}},"14":{"start":{"line":32,"column":0},"end":{"line":32,"column":21}},"15":{"start":{"line":33,"column":0},"end":{"line":33,"column":66}},"16":{"start":{"line":34,"column":0},"end":{"line":34,"column":46}},"17":{"start":{"line":35,"column":0},"end":{"line":35,"column":24}},"18":{"start":{"line":36,"column":0},"end":{"line":36,"column":101}},"19":{"start":{"line":37,"column":0},"end":{"line":37,"column":66}},"20":{"start":{"line":38,"column":0},"end":{"line":38,"column":26}},"21":{"start":{"line":39,"column":0},"end":{"line":39,"column":66}},"22":{"start":{"line":40,"column":0},"end":{"line":40,"column":62}},"23":{"start":{"line":41,"column":0},"end":{"line":41,"column":69}},"24":{"start":{"line":42,"column":0},"end":{"line":42,"column":4}},"25":{"start":{"line":43,"column":0},"end":{"line":43,"column":48}},"26":{"start":{"line":44,"column":0},"end":{"line":44,"column":1}},"27":{"start":{"line":46,"column":0},"end":{"line":46,"column":51}},"28":{"start":{"line":47,"column":0},"end":{"line":47,"column":22}},"29":{"start":{"line":48,"column":0},"end":{"line":48,"column":78}},"30":{"start":{"line":49,"column":0},"end":{"line":49,"column":40}},"31":{"start":{"line":50,"column":0},"end":{"line":50,"column":58}},"32":{"start":{"line":51,"column":0},"end":{"line":51,"column":59}},"33":{"start":{"line":52,"column":0},"end":{"line":52,"column":52}},"34":{"start":{"line":53,"column":0},"end":{"line":53,"column":35}},"35":{"start":{"line":55,"column":0},"end":{"line":55,"column":25}},"36":{"start":{"line":56,"column":0},"end":{"line":56,"column":47}},"37":{"start":{"line":57,"column":0},"end":{"line":57,"column":22}},"38":{"start":{"line":58,"column":0},"end":{"line":58,"column":50}},"39":{"start":{"line":59,"column":0},"end":{"line":59,"column":51}},"40":{"start":{"line":60,"column":0},"end":{"line":60,"column":21}},"41":{"start":{"line":61,"column":0},"end":{"line":61,"column":66}},"42":{"start":{"line":62,"column":0},"end":{"line":62,"column":46}},"43":{"start":{"line":63,"column":0},"end":{"line":63,"column":24}},"44":{"start":{"line":64,"column":0},"end":{"line":64,"column":101}},"45":{"start":{"line":65,"column":0},"end":{"line":65,"column":66}},"46":{"start":{"line":66,"column":0},"end":{"line":66,"column":26}},"47":{"start":{"line":67,"column":0},"end":{"line":67,"column":66}},"48":{"start":{"line":68,"column":0},"end":{"line":68,"column":62}},"49":{"start":{"line":69,"column":0},"end":{"line":69,"column":68}},"50":{"start":{"line":70,"column":0},"end":{"line":70,"column":4}},"51":{"start":{"line":71,"column":0},"end":{"line":71,"column":47}},"52":{"start":{"line":72,"column":0},"end":{"line":72,"column":1}},"53":{"start":{"line":75,"column":0},"end":{"line":75,"column":21}},"54":{"start":{"line":80,"column":0},"end":{"line":80,"column":91}},"55":{"start":{"line":81,"column":0},"end":{"line":81,"column":25}},"56":{"start":{"line":82,"column":0},"end":{"line":82,"column":29}},"57":{"start":{"line":83,"column":0},"end":{"line":83,"column":31}},"58":{"start":{"line":84,"column":0},"end":{"line":84,"column":43}},"59":{"start":{"line":85,"column":0},"end":{"line":85,"column":51}},"60":{"start":{"line":86,"column":0},"end":{"line":86,"column":24}},"61":{"start":{"line":87,"column":0},"end":{"line":87,"column":4}},"62":{"start":{"line":88,"column":0},"end":{"line":88,"column":30}},"63":{"start":{"line":89,"column":0},"end":{"line":89,"column":26}},"64":{"start":{"line":90,"column":0},"end":{"line":90,"column":59}},"65":{"start":{"line":91,"column":0},"end":{"line":91,"column":51}},"66":{"start":{"line":92,"column":0},"end":{"line":92,"column":33}},"67":{"start":{"line":93,"column":0},"end":{"line":93,"column":4}},"68":{"start":{"line":94,"column":0},"end":{"line":94,"column":23}},"69":{"start":{"line":95,"column":0},"end":{"line":95,"column":1}},"70":{"start":{"line":97,"column":0},"end":{"line":97,"column":65}},"71":{"start":{"line":98,"column":0},"end":{"line":98,"column":52}},"72":{"start":{"line":99,"column":0},"end":{"line":99,"column":48}},"73":{"start":{"line":100,"column":0},"end":{"line":100,"column":1}},"74":{"start":{"line":105,"column":0},"end":{"line":105,"column":64}},"75":{"start":{"line":106,"column":0},"end":{"line":106,"column":13}},"76":{"start":{"line":107,"column":0},"end":{"line":107,"column":17}},"77":{"start":{"line":108,"column":0},"end":{"line":108,"column":32}},"78":{"start":{"line":109,"column":0},"end":{"line":109,"column":30}},"79":{"start":{"line":110,"column":0},"end":{"line":110,"column":52}},"80":{"start":{"line":111,"column":0},"end":{"line":111,"column":18}},"81":{"start":{"line":112,"column":0},"end":{"line":112,"column":3}},"82":{"start":{"line":113,"column":0},"end":{"line":113,"column":23}},"83":{"start":{"line":114,"column":0},"end":{"line":114,"column":1}},"84":{"start":{"line":117,"column":0},"end":{"line":117,"column":56}},"85":{"start":{"line":118,"column":0},"end":{"line":118,"column":58}},"86":{"start":{"line":119,"column":0},"end":{"line":119,"column":56}},"87":{"start":{"line":120,"column":0},"end":{"line":120,"column":1}},"88":{"start":{"line":122,"column":0},"end":{"line":122,"column":53}},"89":{"start":{"line":123,"column":0},"end":{"line":123,"column":39}},"90":{"start":{"line":124,"column":0},"end":{"line":124,"column":71}},"91":{"start":{"line":125,"column":0},"end":{"line":125,"column":18}},"92":{"start":{"line":126,"column":0},"end":{"line":126,"column":42}},"93":{"start":{"line":127,"column":0},"end":{"line":127,"column":58}},"94":{"start":{"line":128,"column":0},"end":{"line":128,"column":46}},"95":{"start":{"line":129,"column":0},"end":{"line":129,"column":37}},"96":{"start":{"line":131,"column":0},"end":{"line":131,"column":25}},"97":{"start":{"line":132,"column":0},"end":{"line":132,"column":55}},"98":{"start":{"line":133,"column":0},"end":{"line":133,"column":57}},"99":{"start":{"line":134,"column":0},"end":{"line":134,"column":87}},"100":{"start":{"line":135,"column":0},"end":{"line":135,"column":65}},"101":{"start":{"line":136,"column":0},"end":{"line":136,"column":81}},"102":{"start":{"line":137,"column":0},"end":{"line":137,"column":4}},"103":{"start":{"line":138,"column":0},"end":{"line":138,"column":50}},"104":{"start":{"line":139,"column":0},"end":{"line":139,"column":1}},"105":{"start":{"line":148,"column":0},"end":{"line":148,"column":59}},"106":{"start":{"line":149,"column":0},"end":{"line":149,"column":78}},"107":{"start":{"line":150,"column":0},"end":{"line":150,"column":1}}},"s":{"0":2,"1":2,"2":44,"3":44,"4":44,"5":44,"6":44,"7":44,"8":44,"9":44,"10":44,"11":44,"12":44,"13":44,"14":44,"15":44,"16":44,"17":44,"18":44,"19":44,"20":44,"21":44,"22":44,"23":44,"24":44,"25":44,"26":44,"27":2,"28":41,"29":41,"30":41,"31":41,"32":41,"33":41,"34":41,"35":41,"36":41,"37":41,"38":41,"39":41,"40":41,"41":41,"42":41,"43":41,"44":41,"45":41,"46":41,"47":41,"48":41,"49":41,"50":41,"51":41,"52":41,"53":2,"54":620,"55":620,"56":620,"57":620,"58":620,"59":620,"60":620,"61":620,"62":620,"63":620,"64":620,"65":620,"66":620,"67":620,"68":620,"69":620,"70":600,"71":600,"72":600,"73":600,"74":20,"75":20,"76":20,"77":20,"78":600,"79":600,"80":280,"81":600,"82":20,"83":20,"84":2,"85":21,"86":21,"87":21,"88":2,"89":20,"90":20,"91":20,"92":20,"93":20,"94":20,"95":20,"96":20,"97":20,"98":20,"99":20,"100":20,"101":20,"102":20,"103":20,"104":20,"105":2,"106":19,"107":19},"branchMap":{"0":{"type":"branch","line":18,"loc":{"start":{"line":18,"column":7},"end":{"line":44,"column":1}},"locations":[{"start":{"line":18,"column":7},"end":{"line":44,"column":1}}]},"1":{"type":"branch","line":46,"loc":{"start":{"line":46,"column":7},"end":{"line":72,"column":1}},"locations":[{"start":{"line":46,"column":7},"end":{"line":72,"column":1}}]},"2":{"type":"branch","line":80,"loc":{"start":{"line":80,"column":0},"end":{"line":95,"column":1}},"locations":[{"start":{"line":80,"column":0},"end":{"line":95,"column":1}}]},"3":{"type":"branch","line":97,"loc":{"start":{"line":97,"column":0},"end":{"line":100,"column":1}},"locations":[{"start":{"line":97,"column":0},"end":{"line":100,"column":1}}]},"4":{"type":"branch","line":105,"loc":{"start":{"line":105,"column":0},"end":{"line":114,"column":1}},"locations":[{"start":{"line":105,"column":0},"end":{"line":114,"column":1}}]},"5":{"type":"branch","line":108,"loc":{"start":{"line":108,"column":31},"end":{"line":112,"column":3}},"locations":[{"start":{"line":108,"column":31},"end":{"line":112,"column":3}}]},"6":{"type":"branch","line":110,"loc":{"start":{"line":110,"column":43},"end":{"line":110,"column":52}},"locations":[{"start":{"line":110,"column":43},"end":{"line":110,"column":52}}]},"7":{"type":"branch","line":110,"loc":{"start":{"line":110,"column":48},"end":{"line":111,"column":18}},"locations":[{"start":{"line":110,"column":48},"end":{"line":111,"column":18}}]},"8":{"type":"branch","line":117,"loc":{"start":{"line":117,"column":7},"end":{"line":120,"column":1}},"locations":[{"start":{"line":117,"column":7},"end":{"line":120,"column":1}}]},"9":{"type":"branch","line":122,"loc":{"start":{"line":122,"column":7},"end":{"line":139,"column":1}},"locations":[{"start":{"line":122,"column":7},"end":{"line":139,"column":1}}]},"10":{"type":"branch","line":148,"loc":{"start":{"line":148,"column":7},"end":{"line":150,"column":1}},"locations":[{"start":{"line":148,"column":7},"end":{"line":150,"column":1}}]},"11":{"type":"branch","line":110,"loc":{"start":{"line":110,"column":43},"end":{"line":111,"column":18}},"locations":[{"start":{"line":110,"column":43},"end":{"line":111,"column":18}}]}},"b":{"0":[44],"1":[41],"2":[620],"3":[600],"4":[20],"5":[600],"6":[320],"7":[280],"8":[21],"9":[20],"10":[19],"11":[510]},"fnMap":{"0":{"name":"draftFront","decl":{"start":{"line":18,"column":7},"end":{"line":44,"column":1}},"loc":{"start":{"line":18,"column":7},"end":{"line":44,"column":1}},"line":18},"1":{"name":"draftBack","decl":{"start":{"line":46,"column":7},"end":{"line":72,"column":1}},"loc":{"start":{"line":46,"column":7},"end":{"line":72,"column":1}},"line":46},"2":{"name":"capCurves","decl":{"start":{"line":80,"column":0},"end":{"line":95,"column":1}},"loc":{"start":{"line":80,"column":0},"end":{"line":95,"column":1}},"line":80},"3":{"name":"capLengthFor","decl":{"start":{"line":97,"column":0},"end":{"line":100,"column":1}},"loc":{"start":{"line":97,"column":0},"end":{"line":100,"column":1}},"line":97},"4":{"name":"solveCapHeight","decl":{"start":{"line":105,"column":0},"end":{"line":114,"column":1}},"loc":{"start":{"line":105,"column":0},"end":{"line":114,"column":1}},"line":105},"5":{"name":"armholeLength","decl":{"start":{"line":117,"column":7},"end":{"line":120,"column":1}},"loc":{"start":{"line":117,"column":7},"end":{"line":120,"column":1}},"line":117},"6":{"name":"draftSleeve","decl":{"start":{"line":122,"column":7},"end":{"line":139,"column":1}},"loc":{"start":{"line":122,"column":7},"end":{"line":139,"column":1}},"line":122},"7":{"name":"draftTshirt","decl":{"start":{"line":148,"column":7},"end":{"line":150,"column":1}},"loc":{"start":{"line":148,"column":7},"end":{"line":150,"column":1}},"line":148}},"f":{"0":44,"1":41,"2":620,"3":600,"4":20,"5":21,"6":20,"7":19}}
,"F:\\designApp\\src\\geometry\\curve.ts": {"path":"F:\\designApp\\src\\geometry\\curve.ts","all":false,"statementMap":{"0":{"start":{"line":1,"column":0},"end":{"line":1,"column":78}},"1":{"start":{"line":15,"column":0},"end":{"line":15,"column":62}},"2":{"start":{"line":16,"column":0},"end":{"line":16,"column":18}},"3":{"start":{"line":17,"column":0},"end":{"line":17,"column":22}},"4":{"start":{"line":18,"column":0},"end":{"line":18,"column":26}},"5":{"start":{"line":19,"column":0},"end":{"line":19,"column":26}},"6":{"start":{"line":20,"column":0},"end":{"line":20,"column":22}},"7":{"start":{"line":21,"column":0},"end":{"line":21,"column":10}},"8":{"start":{"line":22,"column":0},"end":{"line":22,"column":73}},"9":{"start":{"line":23,"column":0},"end":{"line":23,"column":73}},"10":{"start":{"line":24,"column":0},"end":{"line":24,"column":4}},"11":{"start":{"line":25,"column":0},"end":{"line":25,"column":1}},"12":{"start":{"line":32,"column":0},"end":{"line":32,"column":68}},"13":{"start":{"line":33,"column":0},"end":{"line":33,"column":16}},"14":{"start":{"line":34,"column":0},"end":{"line":34,"column":21}},"15":{"start":{"line":35,"column":0},"end":{"line":35,"column":39}},"16":{"start":{"line":36,"column":0},"end":{"line":36,"column":45}},"17":{"start":{"line":37,"column":0},"end":{"line":37,"column":34}},"18":{"start":{"line":38,"column":0},"end":{"line":38,"column":16}},"19":{"start":{"line":39,"column":0},"end":{"line":39,"column":3}},"20":{"start":{"line":40,"column":0},"end":{"line":40,"column":15}},"21":{"start":{"line":41,"column":0},"end":{"line":41,"column":1}}},"s":{"0":2,"1":2,"2":84423,"3":84423,"4":84423,"5":84423,"6":84423,"7":84423,"8":84423,"9":84423,"10":84423,"11":84423,"12":2,"13":1286,"14":1286,"15":1286,"16":83216,"17":83216,"18":83216,"19":83216,"20":1286,"21":1286},"branchMap":{"0":{"type":"branch","line":15,"loc":{"start":{"line":15,"column":7},"end":{"line":25,"column":1}},"locations":[{"start":{"line":15,"column":7},"end":{"line":25,"column":1}}]},"1":{"type":"branch","line":32,"loc":{"start":{"line":32,"column":7},"end":{"line":41,"column":1}},"locations":[{"start":{"line":32,"column":7},"end":{"line":41,"column":1}}]},"2":{"type":"branch","line":35,"loc":{"start":{"line":35,"column":38},"end":{"line":39,"column":3}},"locations":[{"start":{"line":35,"column":38},"end":{"line":39,"column":3}}]}},"b":{"0":[84423],"1":[1286],"2":[83216]},"fnMap":{"0":{"name":"cubicPoint","decl":{"start":{"line":15,"column":7},"end":{"line":25,"column":1}},"loc":{"start":{"line":15,"column":7},"end":{"line":25,"column":1}},"line":15},"1":{"name":"cubicLength","decl":{"start":{"line":32,"column":7},"end":{"line":41,"column":1}},"loc":{"start":{"line":32,"column":7},"end":{"line":41,"column":1}},"line":32}},"f":{"0":84423,"1":1286}}
,"F:\\designApp\\src\\geometry\\point.ts": {"path":"F:\\designApp\\src\\geometry\\point.ts","all":false,"statementMap":{"0":{"start":{"line":10,"column":0},"end":{"line":10,"column":52}},"1":{"start":{"line":11,"column":0},"end":{"line":11,"column":18}},"2":{"start":{"line":12,"column":0},"end":{"line":12,"column":1}},"3":{"start":{"line":15,"column":0},"end":{"line":15,"column":54}},"4":{"start":{"line":16,"column":0},"end":{"line":16,"column":42}},"5":{"start":{"line":17,"column":0},"end":{"line":17,"column":1}},"6":{"start":{"line":20,"column":0},"end":{"line":20,"column":60}},"7":{"start":{"line":21,"column":0},"end":{"line":21,"column":64}},"8":{"start":{"line":22,"column":0},"end":{"line":22,"column":1}}},"s":{"0":2,"1":5973,"2":5973,"3":2,"4":83238,"5":83238,"6":2,"7":3,"8":3},"branchMap":{"0":{"type":"branch","line":10,"loc":{"start":{"line":10,"column":7},"end":{"line":12,"column":1}},"locations":[{"start":{"line":10,"column":7},"end":{"line":12,"column":1}}]},"1":{"type":"branch","line":15,"loc":{"start":{"line":15,"column":7},"end":{"line":17,"column":1}},"locations":[{"start":{"line":15,"column":7},"end":{"line":17,"column":1}}]},"2":{"type":"branch","line":20,"loc":{"start":{"line":20,"column":7},"end":{"line":22,"column":1}},"locations":[{"start":{"line":20,"column":7},"end":{"line":22,"column":1}}]}},"b":{"0":[5973],"1":[83238],"2":[3]},"fnMap":{"0":{"name":"point","decl":{"start":{"line":10,"column":7},"end":{"line":12,"column":1}},"loc":{"start":{"line":10,"column":7},"end":{"line":12,"column":1}},"line":10},"1":{"name":"distance","decl":{"start":{"line":15,"column":7},"end":{"line":17,"column":1}},"loc":{"start":{"line":15,"column":7},"end":{"line":17,"column":1}},"line":15},"2":{"name":"lerp","decl":{"start":{"line":20,"column":7},"end":{"line":22,"column":1}},"loc":{"start":{"line":20,"column":7},"end":{"line":22,"column":1}},"line":20}},"f":{"0":5973,"1":83238,"2":3}}
,"F:\\designApp\\src\\guidance\\guidance.ts": {"path":"F:\\designApp\\src\\guidance\\guidance.ts","all":false,"statementMap":{"0":{"start":{"line":1,"column":0},"end":{"line":1,"column":74}},"1":{"start":{"line":15,"column":0},"end":{"line":15,"column":56}},"2":{"start":{"line":16,"column":0},"end":{"line":16,"column":17}},"3":{"start":{"line":17,"column":0},"end":{"line":17,"column":51}},"4":{"start":{"line":18,"column":0},"end":{"line":18,"column":49}},"5":{"start":{"line":19,"column":0},"end":{"line":19,"column":13}},"6":{"start":{"line":20,"column":0},"end":{"line":20,"column":52}},"7":{"start":{"line":21,"column":0},"end":{"line":21,"column":52}},"8":{"start":{"line":22,"column":0},"end":{"line":22,"column":70}},"9":{"start":{"line":24,"column":0},"end":{"line":24,"column":32}},"10":{"start":{"line":25,"column":0},"end":{"line":25,"column":97}},"11":{"start":{"line":26,"column":0},"end":{"line":26,"column":3}},"12":{"start":{"line":27,"column":0},"end":{"line":27,"column":17}},"13":{"start":{"line":28,"column":0},"end":{"line":28,"column":12}},"14":{"start":{"line":29,"column":0},"end":{"line":29,"column":20}},"15":{"start":{"line":30,"column":0},"end":{"line":30,"column":95}},"16":{"start":{"line":32,"column":0},"end":{"line":32,"column":6}},"17":{"start":{"line":33,"column":0},"end":{"line":33,"column":3}},"18":{"start":{"line":34,"column":0},"end":{"line":34,"column":10}},"19":{"start":{"line":35,"column":0},"end":{"line":35,"column":18}},"20":{"start":{"line":36,"column":0},"end":{"line":36,"column":96}},"21":{"start":{"line":38,"column":0},"end":{"line":38,"column":4}},"22":{"start":{"line":39,"column":0},"end":{"line":39,"column":1}},"23":{"start":{"line":42,"column":0},"end":{"line":42,"column":57}},"24":{"start":{"line":43,"column":0},"end":{"line":43,"column":19}},"25":{"start":{"line":44,"column":0},"end":{"line":44,"column":91}},"26":{"start":{"line":45,"column":0},"end":{"line":45,"column":3}},"27":{"start":{"line":46,"column":0},"end":{"line":46,"column":20}},"28":{"start":{"line":47,"column":0},"end":{"line":47,"column":93}},"29":{"start":{"line":48,"column":0},"end":{"line":48,"column":3}},"30":{"start":{"line":49,"column":0},"end":{"line":49,"column":14}},"31":{"start":{"line":50,"column":0},"end":{"line":50,"column":1}},"32":{"start":{"line":53,"column":0},"end":{"line":53,"column":65}},"33":{"start":{"line":54,"column":0},"end":{"line":54,"column":31}},"34":{"start":{"line":55,"column":0},"end":{"line":55,"column":34}},"35":{"start":{"line":56,"column":0},"end":{"line":56,"column":12}},"36":{"start":{"line":57,"column":0},"end":{"line":57,"column":20}},"37":{"start":{"line":58,"column":0},"end":{"line":58,"column":94}},"38":{"start":{"line":59,"column":0},"end":{"line":59,"column":41}},"39":{"start":{"line":60,"column":0},"end":{"line":60,"column":6}},"40":{"start":{"line":61,"column":0},"end":{"line":61,"column":3}},"41":{"start":{"line":62,"column":0},"end":{"line":62,"column":14}},"42":{"start":{"line":63,"column":0},"end":{"line":63,"column":1}},"43":{"start":{"line":66,"column":0},"end":{"line":66,"column":61}},"44":{"start":{"line":67,"column":0},"end":{"line":67,"column":39}},"45":{"start":{"line":68,"column":0},"end":{"line":68,"column":36}},"46":{"start":{"line":69,"column":0},"end":{"line":69,"column":12}},"47":{"start":{"line":70,"column":0},"end":{"line":70,"column":20}},"48":{"start":{"line":71,"column":0},"end":{"line":71,"column":96}},"49":{"start":{"line":72,"column":0},"end":{"line":72,"column":6}},"50":{"start":{"line":73,"column":0},"end":{"line":73,"column":3}},"51":{"start":{"line":74,"column":0},"end":{"line":74,"column":14}},"52":{"start":{"line":75,"column":0},"end":{"line":75,"column":1}},"53":{"start":{"line":78,"column":0},"end":{"line":78,"column":48}},"54":{"start":{"line":79,"column":0},"end":{"line":79,"column":44}},"55":{"start":{"line":80,"column":0},"end":{"line":80,"column":34}},"56":{"start":{"line":81,"column":0},"end":{"line":81,"column":24}},"57":{"start":{"line":82,"column":0},"end":{"line":82,"column":17}},"58":{"start":{"line":83,"column":0},"end":{"line":83,"column":25}},"59":{"start":{"line":84,"column":0},"end":{"line":84,"column":21}},"60":{"start":{"line":85,"column":0},"end":{"line":85,"column":4}},"61":{"start":{"line":86,"column":0},"end":{"line":86,"column":52}},"62":{"start":{"line":87,"column":0},"end":{"line":87,"column":1}}},"s":{"0":2,"1":2,"2":12,"3":12,"4":12,"5":12,"6":12,"7":12,"8":12,"9":12,"10":9,"11":9,"12":5,"13":2,"14":2,"15":2,"16":2,"17":2,"18":1,"19":1,"20":1,"21":1,"22":1,"23":2,"24":12,"25":2,"26":2,"27":12,"28":1,"29":1,"30":9,"31":9,"32":2,"33":11,"34":11,"35":2,"36":2,"37":2,"38":2,"39":2,"40":2,"41":9,"42":9,"43":2,"44":11,"45":11,"46":1,"47":1,"48":1,"49":1,"50":1,"51":10,"52":10,"53":2,"54":9,"55":9,"56":9,"57":9,"58":9,"59":9,"60":9,"61":9,"62":9},"branchMap":{"0":{"type":"branch","line":15,"loc":{"start":{"line":15,"column":7},"end":{"line":39,"column":1}},"locations":[{"start":{"line":15,"column":7},"end":{"line":39,"column":1}}]},"1":{"type":"branch","line":26,"loc":{"start":{"line":26,"column":2},"end":{"line":39,"column":1}},"locations":[{"start":{"line":26,"column":2},"end":{"line":39,"column":1}}]},"2":{"type":"branch","line":42,"loc":{"start":{"line":42,"column":7},"end":{"line":50,"column":1}},"locations":[{"start":{"line":42,"column":7},"end":{"line":50,"column":1}}]},"3":{"type":"branch","line":43,"loc":{"start":{"line":43,"column":18},"end":{"line":45,"column":3}},"locations":[{"start":{"line":43,"column":18},"end":{"line":45,"column":3}}]},"4":{"type":"branch","line":46,"loc":{"start":{"line":46,"column":19},"end":{"line":48,"column":3}},"locations":[{"start":{"line":46,"column":19},"end":{"line":48,"column":3}}]},"5":{"type":"branch","line":53,"loc":{"start":{"line":53,"column":7},"end":{"line":63,"column":1}},"locations":[{"start":{"line":53,"column":7},"end":{"line":63,"column":1}}]},"6":{"type":"branch","line":55,"loc":{"start":{"line":55,"column":33},"end":{"line":61,"column":3}},"locations":[{"start":{"line":55,"column":33},"end":{"line":61,"column":3}}]},"7":{"type":"branch","line":66,"loc":{"start":{"line":66,"column":7},"end":{"line":75,"column":1}},"locations":[{"start":{"line":66,"column":7},"end":{"line":75,"column":1}}]},"8":{"type":"branch","line":68,"loc":{"start":{"line":68,"column":35},"end":{"line":73,"column":3}},"locations":[{"start":{"line":68,"column":35},"end":{"line":73,"column":3}}]},"9":{"type":"branch","line":78,"loc":{"start":{"line":78,"column":7},"end":{"line":87,"column":1}},"locations":[{"start":{"line":78,"column":7},"end":{"line":87,"column":1}}]},"10":{"type":"branch","line":86,"loc":{"start":{"line":86,"column":22},"end":{"line":86,"column":50}},"locations":[{"start":{"line":86,"column":22},"end":{"line":86,"column":50}}]},"11":{"type":"branch","line":24,"loc":{"start":{"line":24,"column":14},"end":{"line":24,"column":31}},"locations":[{"start":{"line":24,"column":14},"end":{"line":24,"column":31}}]},"12":{"type":"branch","line":24,"loc":{"start":{"line":24,"column":31},"end":{"line":26,"column":3}},"locations":[{"start":{"line":24,"column":31},"end":{"line":26,"column":3}}]},"13":{"type":"branch","line":26,"loc":{"start":{"line":26,"column":2},"end":{"line":27,"column":16}},"locations":[{"start":{"line":26,"column":2},"end":{"line":27,"column":16}}]},"14":{"type":"branch","line":27,"loc":{"start":{"line":27,"column":16},"end":{"line":33,"column":3}},"locations":[{"start":{"line":27,"column":16},"end":{"line":33,"column":3}}]},"15":{"type":"branch","line":33,"loc":{"start":{"line":33,"column":2},"end":{"line":39,"column":1}},"locations":[{"start":{"line":33,"column":2},"end":{"line":39,"column":1}}]},"16":{"type":"branch","line":45,"loc":{"start":{"line":45,"column":2},"end":{"line":46,"column":19}},"locations":[{"start":{"line":45,"column":2},"end":{"line":46,"column":19}}]},"17":{"type":"branch","line":48,"loc":{"start":{"line":48,"column":2},"end":{"line":50,"column":1}},"locations":[{"start":{"line":48,"column":2},"end":{"line":50,"column":1}}]},"18":{"type":"branch","line":55,"loc":{"start":{"line":55,"column":33},"end":{"line":63,"column":1}},"locations":[{"start":{"line":55,"column":33},"end":{"line":63,"column":1}}]},"19":{"type":"branch","line":73,"loc":{"start":{"line":73,"column":2},"end":{"line":75,"column":1}},"locations":[{"start":{"line":73,"column":2},"end":{"line":75,"column":1}}]}},"b":{"0":[12],"1":[5],"2":[12],"3":[2],"4":[1],"5":[11],"6":[2],"7":[11],"8":[1],"9":[9],"10":[36],"11":[11],"12":[9],"13":[3],"14":[2],"15":[1],"16":[10],"17":[9],"18":[9],"19":[10]},"fnMap":{"0":{"name":"armholeMatch","decl":{"start":{"line":15,"column":7},"end":{"line":39,"column":1}},"loc":{"start":{"line":15,"column":7},"end":{"line":39,"column":1}},"line":15},"1":{"name":"easeRange","decl":{"start":{"line":42,"column":7},"end":{"line":50,"column":1}},"loc":{"start":{"line":42,"column":7},"end":{"line":50,"column":1}},"line":42},"2":{"name":"armholeDepthCheck","decl":{"start":{"line":53,"column":7},"end":{"line":63,"column":1}},"loc":{"start":{"line":53,"column":7},"end":{"line":63,"column":1}},"line":53},"3":{"name":"shoulderCheck","decl":{"start":{"line":66,"column":7},"end":{"line":75,"column":1}},"loc":{"start":{"line":66,"column":7},"end":{"line":75,"column":1}},"line":66},"4":{"name":"guide","decl":{"start":{"line":78,"column":7},"end":{"line":87,"column":1}},"loc":{"start":{"line":78,"column":7},"end":{"line":87,"column":1}},"line":78}},"f":{"0":12,"1":12,"2":11,"3":11,"4":9}}
,"F:\\designApp\\src\\render\\allowance.ts": {"path":"F:\\designApp\\src\\render\\allowance.ts","all":false,"statementMap":{"0":{"start":{"line":1,"column":0},"end":{"line":1,"column":76}},"1":{"start":{"line":9,"column":0},"end":{"line":9,"column":19}},"2":{"start":{"line":10,"column":0},"end":{"line":10,"column":65}},"3":{"start":{"line":12,"column":0},"end":{"line":12,"column":47}},"4":{"start":{"line":13,"column":0},"end":{"line":13,"column":26}},"5":{"start":{"line":14,"column":0},"end":{"line":14,"column":32}},"6":{"start":{"line":15,"column":0},"end":{"line":15,"column":45}},"7":{"start":{"line":16,"column":0},"end":{"line":16,"column":86}},"8":{"start":{"line":17,"column":0},"end":{"line":17,"column":3}},"9":{"start":{"line":18,"column":0},"end":{"line":18,"column":13}},"10":{"start":{"line":19,"column":0},"end":{"line":19,"column":1}},"11":{"start":{"line":21,"column":0},"end":{"line":21,"column":37}},"12":{"start":{"line":22,"column":0},"end":{"line":22,"column":12}},"13":{"start":{"line":23,"column":0},"end":{"line":23,"column":40}},"14":{"start":{"line":24,"column":0},"end":{"line":24,"column":52}},"15":{"start":{"line":25,"column":0},"end":{"line":25,"column":31}},"16":{"start":{"line":26,"column":0},"end":{"line":26,"column":3}},"17":{"start":{"line":27,"column":0},"end":{"line":27,"column":25}},"18":{"start":{"line":28,"column":0},"end":{"line":28,"column":1}},"19":{"start":{"line":30,"column":0},"end":{"line":30,"column":48}},"20":{"start":{"line":31,"column":0},"end":{"line":31,"column":31}},"21":{"start":{"line":32,"column":0},"end":{"line":32,"column":35}},"22":{"start":{"line":33,"column":0},"end":{"line":33,"column":1}},"23":{"start":{"line":35,"column":0},"end":{"line":35,"column":53}},"24":{"start":{"line":36,"column":0},"end":{"line":36,"column":23}},"25":{"start":{"line":37,"column":0},"end":{"line":37,"column":28}},"26":{"start":{"line":38,"column":0},"end":{"line":38,"column":63}},"27":{"start":{"line":39,"column":0},"end":{"line":39,"column":49}},"28":{"start":{"line":40,"column":0},"end":{"line":40,"column":49}},"29":{"start":{"line":41,"column":0},"end":{"line":41,"column":41}},"30":{"start":{"line":42,"column":0},"end":{"line":42,"column":33}},"31":{"start":{"line":43,"column":0},"end":{"line":43,"column":60}},"32":{"start":{"line":44,"column":0},"end":{"line":44,"column":5}},"33":{"start":{"line":45,"column":0},"end":{"line":45,"column":1}},"34":{"start":{"line":48,"column":0},"end":{"line":48,"column":73}},"35":{"start":{"line":49,"column":0},"end":{"line":49,"column":35}},"36":{"start":{"line":50,"column":0},"end":{"line":50,"column":39}},"37":{"start":{"line":51,"column":0},"end":{"line":51,"column":40}},"38":{"start":{"line":52,"column":0},"end":{"line":52,"column":81}},"39":{"start":{"line":53,"column":0},"end":{"line":53,"column":1}},"40":{"start":{"line":56,"column":0},"end":{"line":56,"column":76}},"41":{"start":{"line":57,"column":0},"end":{"line":57,"column":40}},"42":{"start":{"line":58,"column":0},"end":{"line":58,"column":66}},"43":{"start":{"line":59,"column":0},"end":{"line":59,"column":22}},"44":{"start":{"line":60,"column":0},"end":{"line":60,"column":1}}},"s":{"0":2,"1":2,"2":2,"3":46,"4":46,"5":46,"6":256,"7":86,"8":256,"9":46,"10":46,"11":92,"12":92,"13":92,"14":2748,"15":2748,"16":2748,"17":92,"18":92,"19":5496,"20":5496,"21":5496,"22":5496,"23":92,"24":92,"25":92,"26":2748,"27":2748,"28":2748,"29":2748,"30":2748,"31":2748,"32":92,"33":92,"34":2,"35":46,"36":46,"37":46,"38":46,"39":46,"40":2,"41":43,"42":43,"43":43,"44":43},"branchMap":{"0":{"type":"branch","line":10,"loc":{"start":{"line":10,"column":14},"end":{"line":10,"column":65}},"locations":[{"start":{"line":10,"column":14},"end":{"line":10,"column":65}}]},"1":{"type":"branch","line":12,"loc":{"start":{"line":12,"column":0},"end":{"line":19,"column":1}},"locations":[{"start":{"line":12,"column":0},"end":{"line":19,"column":1}}]},"2":{"type":"branch","line":14,"loc":{"start":{"line":14,"column":31},"end":{"line":17,"column":3}},"locations":[{"start":{"line":14,"column":31},"end":{"line":17,"column":3}}]},"3":{"type":"branch","line":15,"loc":{"start":{"line":15,"column":27},"end":{"line":15,"column":45}},"locations":[{"start":{"line":15,"column":27},"end":{"line":15,"column":45}}]},"4":{"type":"branch","line":15,"loc":{"start":{"line":15,"column":43},"end":{"line":16,"column":86}},"locations":[{"start":{"line":15,"column":43},"end":{"line":16,"column":86}}]},"5":{"type":"branch","line":16,"loc":{"start":{"line":16,"column":43},"end":{"line":16,"column":86}},"locations":[{"start":{"line":16,"column":43},"end":{"line":16,"column":86}}]},"6":{"type":"branch","line":21,"loc":{"start":{"line":21,"column":0},"end":{"line":28,"column":1}},"locations":[{"start":{"line":21,"column":0},"end":{"line":28,"column":1}}]},"7":{"type":"branch","line":23,"loc":{"start":{"line":23,"column":39},"end":{"line":26,"column":3}},"locations":[{"start":{"line":23,"column":39},"end":{"line":26,"column":3}}]},"8":{"type":"branch","line":30,"loc":{"start":{"line":30,"column":0},"end":{"line":33,"column":1}},"locations":[{"start":{"line":30,"column":0},"end":{"line":33,"column":1}}]},"9":{"type":"branch","line":35,"loc":{"start":{"line":35,"column":0},"end":{"line":45,"column":1}},"locations":[{"start":{"line":35,"column":0},"end":{"line":45,"column":1}}]},"10":{"type":"branch","line":37,"loc":{"start":{"line":37,"column":17},"end":{"line":44,"column":3}},"locations":[{"start":{"line":37,"column":17},"end":{"line":44,"column":3}}]},"11":{"type":"branch","line":48,"loc":{"start":{"line":48,"column":7},"end":{"line":53,"column":1}},"locations":[{"start":{"line":48,"column":7},"end":{"line":53,"column":1}}]},"12":{"type":"branch","line":52,"loc":{"start":{"line":52,"column":33},"end":{"line":52,"column":81}},"locations":[{"start":{"line":52,"column":33},"end":{"line":52,"column":81}}]},"13":{"type":"branch","line":56,"loc":{"start":{"line":56,"column":7},"end":{"line":60,"column":1}},"locations":[{"start":{"line":56,"column":7},"end":{"line":60,"column":1}}]},"14":{"type":"branch","line":58,"loc":{"start":{"line":58,"column":9},"end":{"line":58,"column":65}},"locations":[{"start":{"line":58,"column":9},"end":{"line":58,"column":65}}]},"15":{"type":"branch","line":58,"loc":{"start":{"line":58,"column":22},"end":{"line":58,"column":32}},"locations":[{"start":{"line":58,"column":22},"end":{"line":58,"column":32}}]},"16":{"type":"branch","line":58,"loc":{"start":{"line":58,"column":26},"end":{"line":58,"column":35}},"locations":[{"start":{"line":58,"column":26},"end":{"line":58,"column":35}}]},"17":{"type":"branch","line":52,"loc":{"start":{"line":52,"column":29},"end":{"line":52,"column":39}},"locations":[{"start":{"line":52,"column":29},"end":{"line":52,"column":39}}]}},"b":{"0":[2668],"1":[46],"2":[256],"3":[170],"4":[86],"5":[1204],"6":[92],"7":[2748],"8":[5496],"9":[92],"10":[2748],"11":[46],"12":[1],"13":[43],"14":[1334],"15":[1291],"16":[43],"17":[45]},"fnMap":{"0":{"name":"round","decl":{"start":{"line":10,"column":14},"end":{"line":10,"column":65}},"loc":{"start":{"line":10,"column":14},"end":{"line":10,"column":65}},"line":10},"1":{"name":"outlinePoints","decl":{"start":{"line":12,"column":0},"end":{"line":19,"column":1}},"loc":{"start":{"line":12,"column":0},"end":{"line":19,"column":1}},"line":12},"2":{"name":"area","decl":{"start":{"line":21,"column":0},"end":{"line":28,"column":1}},"loc":{"start":{"line":21,"column":0},"end":{"line":28,"column":1}},"line":21},"3":{"name":"normal","decl":{"start":{"line":30,"column":0},"end":{"line":33,"column":1}},"loc":{"start":{"line":30,"column":0},"end":{"line":33,"column":1}},"line":30},"4":{"name":"offsetBy","decl":{"start":{"line":35,"column":0},"end":{"line":45,"column":1}},"loc":{"start":{"line":35,"column":0},"end":{"line":45,"column":1}},"line":35},"5":{"name":"seamAllowance","decl":{"start":{"line":48,"column":7},"end":{"line":53,"column":1}},"loc":{"start":{"line":48,"column":7},"end":{"line":53,"column":1}},"line":48},"6":{"name":"seamAllowancePath","decl":{"start":{"line":56,"column":7},"end":{"line":60,"column":1}},"loc":{"start":{"line":56,"column":7},"end":{"line":60,"column":1}},"line":56}},"f":{"0":2668,"1":46,"2":92,"3":5496,"4":92,"5":46,"6":43}}
,"F:\\designApp\\src\\render\\canvas.ts": {"path":"F:\\designApp\\src\\render\\canvas.ts","all":false,"statementMap":{"0":{"start":{"line":1,"column":0},"end":{"line":1,"column":79}},"1":{"start":{"line":10,"column":0},"end":{"line":10,"column":65}},"2":{"start":{"line":13,"column":0},"end":{"line":13,"column":64}},"3":{"start":{"line":14,"column":0},"end":{"line":14,"column":72}},"4":{"start":{"line":15,"column":0},"end":{"line":15,"column":54}},"5":{"start":{"line":16,"column":0},"end":{"line":16,"column":91}},"6":{"start":{"line":17,"column":0},"end":{"line":17,"column":95}},"7":{"start":{"line":18,"column":0},"end":{"line":18,"column":1}},"8":{"start":{"line":20,"column":0},"end":{"line":20,"column":93}},"9":{"start":{"line":21,"column":0},"end":{"line":21,"column":86}},"10":{"start":{"line":22,"column":0},"end":{"line":22,"column":86}},"11":{"start":{"line":23,"column":0},"end":{"line":23,"column":1}},"12":{"start":{"line":26,"column":0},"end":{"line":26,"column":19}},"13":{"start":{"line":27,"column":0},"end":{"line":27,"column":22}},"14":{"start":{"line":28,"column":0},"end":{"line":28,"column":14}},"15":{"start":{"line":29,"column":0},"end":{"line":29,"column":25}},"16":{"start":{"line":41,"column":0},"end":{"line":41,"column":95}},"17":{"start":{"line":42,"column":0},"end":{"line":42,"column":24}},"18":{"start":{"line":43,"column":0},"end":{"line":43,"column":15}},"19":{"start":{"line":44,"column":0},"end":{"line":44,"column":40}},"20":{"start":{"line":45,"column":0},"end":{"line":45,"column":33}},"21":{"start":{"line":46,"column":0},"end":{"line":46,"column":26}},"22":{"start":{"line":47,"column":0},"end":{"line":47,"column":58}},"23":{"start":{"line":48,"column":0},"end":{"line":48,"column":58}},"24":{"start":{"line":49,"column":0},"end":{"line":49,"column":6}},"25":{"start":{"line":50,"column":0},"end":{"line":50,"column":28}},"26":{"start":{"line":51,"column":0},"end":{"line":51,"column":36}},"27":{"start":{"line":52,"column":0},"end":{"line":52,"column":16}},"28":{"start":{"line":53,"column":0},"end":{"line":53,"column":5}},"29":{"start":{"line":54,"column":0},"end":{"line":54,"column":90}},"30":{"start":{"line":55,"column":0},"end":{"line":55,"column":1}},"31":{"start":{"line":58,"column":0},"end":{"line":58,"column":69}},"32":{"start":{"line":59,"column":0},"end":{"line":59,"column":32}},"33":{"start":{"line":60,"column":0},"end":{"line":60,"column":45}},"34":{"start":{"line":61,"column":0},"end":{"line":61,"column":85}},"35":{"start":{"line":62,"column":0},"end":{"line":62,"column":83}},"36":{"start":{"line":64,"column":0},"end":{"line":64,"column":91}},"37":{"start":{"line":65,"column":0},"end":{"line":65,"column":1}},"38":{"start":{"line":67,"column":0},"end":{"line":67,"column":67}},"39":{"start":{"line":68,"column":0},"end":{"line":68,"column":73}},"40":{"start":{"line":69,"column":0},"end":{"line":69,"column":67}},"41":{"start":{"line":70,"column":0},"end":{"line":70,"column":1}},"42":{"start":{"line":72,"column":0},"end":{"line":72,"column":60}},"43":{"start":{"line":73,"column":0},"end":{"line":73,"column":50}},"44":{"start":{"line":74,"column":0},"end":{"line":74,"column":48}},"45":{"start":{"line":75,"column":0},"end":{"line":75,"column":87}},"46":{"start":{"line":76,"column":0},"end":{"line":76,"column":104}},"47":{"start":{"line":77,"column":0},"end":{"line":77,"column":86}},"48":{"start":{"line":78,"column":0},"end":{"line":78,"column":84}},"49":{"start":{"line":80,"column":0},"end":{"line":80,"column":92}},"50":{"start":{"line":81,"column":0},"end":{"line":81,"column":94}},"51":{"start":{"line":82,"column":0},"end":{"line":82,"column":68}},"52":{"start":{"line":83,"column":0},"end":{"line":83,"column":63}},"53":{"start":{"line":84,"column":0},"end":{"line":84,"column":38}},"54":{"start":{"line":85,"column":0},"end":{"line":85,"column":1}},"55":{"start":{"line":87,"column":0},"end":{"line":87,"column":59}},"56":{"start":{"line":88,"column":0},"end":{"line":88,"column":17}},"57":{"start":{"line":89,"column":0},"end":{"line":89,"column":29}},"58":{"start":{"line":90,"column":0},"end":{"line":90,"column":50}},"59":{"start":{"line":91,"column":0},"end":{"line":91,"column":50}},"60":{"start":{"line":92,"column":0},"end":{"line":92,"column":76}},"61":{"start":{"line":93,"column":0},"end":{"line":93,"column":3}},"62":{"start":{"line":94,"column":0},"end":{"line":94,"column":51}},"63":{"start":{"line":95,"column":0},"end":{"line":95,"column":50}},"64":{"start":{"line":96,"column":0},"end":{"line":96,"column":75}},"65":{"start":{"line":97,"column":0},"end":{"line":97,"column":3}},"66":{"start":{"line":98,"column":0},"end":{"line":98,"column":24}},"67":{"start":{"line":99,"column":0},"end":{"line":99,"column":1}},"68":{"start":{"line":106,"column":0},"end":{"line":106,"column":96}},"69":{"start":{"line":107,"column":0},"end":{"line":107,"column":77}},"70":{"start":{"line":108,"column":0},"end":{"line":108,"column":50}},"71":{"start":{"line":109,"column":0},"end":{"line":109,"column":83}},"72":{"start":{"line":110,"column":0},"end":{"line":110,"column":78}},"73":{"start":{"line":111,"column":0},"end":{"line":111,"column":96}},"74":{"start":{"line":112,"column":0},"end":{"line":112,"column":100}},"75":{"start":{"line":113,"column":0},"end":{"line":113,"column":47}},"76":{"start":{"line":114,"column":0},"end":{"line":114,"column":1}}},"s":{"0":2,"1":2,"2":702,"3":702,"4":702,"5":702,"6":702,"7":702,"8":70,"9":70,"10":70,"11":70,"12":2,"13":2,"14":2,"15":2,"16":15,"17":15,"18":15,"19":15,"20":42,"21":42,"22":42,"23":42,"24":42,"25":42,"26":42,"27":42,"28":15,"29":15,"30":15,"31":42,"32":42,"33":42,"34":84,"35":84,"36":42,"37":42,"38":28,"39":28,"40":28,"41":28,"42":42,"43":42,"44":42,"45":42,"46":42,"47":42,"48":42,"49":42,"50":42,"51":42,"52":42,"53":42,"54":42,"55":15,"56":15,"57":15,"58":15,"59":376,"60":376,"61":376,"62":15,"63":256,"64":256,"65":256,"66":15,"67":15,"68":2,"69":15,"70":15,"71":15,"72":15,"73":15,"74":15,"75":15,"76":15},"branchMap":{"0":{"type":"branch","line":10,"loc":{"start":{"line":10,"column":14},"end":{"line":10,"column":65}},"locations":[{"start":{"line":10,"column":14},"end":{"line":10,"column":65}}]},"1":{"type":"branch","line":13,"loc":{"start":{"line":13,"column":0},"end":{"line":18,"column":1}},"locations":[{"start":{"line":13,"column":0},"end":{"line":18,"column":1}}]},"2":{"type":"branch","line":15,"loc":{"start":{"line":15,"column":12},"end":{"line":15,"column":51}},"locations":[{"start":{"line":15,"column":12},"end":{"line":15,"column":51}}]},"3":{"type":"branch","line":15,"loc":{"start":{"line":15,"column":45},"end":{"line":15,"column":54}},"locations":[{"start":{"line":15,"column":45},"end":{"line":15,"column":54}}]},"4":{"type":"branch","line":20,"loc":{"start":{"line":20,"column":0},"end":{"line":23,"column":1}},"locations":[{"start":{"line":20,"column":0},"end":{"line":23,"column":1}}]},"5":{"type":"branch","line":41,"loc":{"start":{"line":41,"column":0},"end":{"line":55,"column":1}},"locations":[{"start":{"line":41,"column":0},"end":{"line":55,"column":1}}]},"6":{"type":"branch","line":44,"loc":{"start":{"line":44,"column":28},"end":{"line":53,"column":3}},"locations":[{"start":{"line":44,"column":28},"end":{"line":53,"column":3}}]},"7":{"type":"branch","line":58,"loc":{"start":{"line":58,"column":0},"end":{"line":65,"column":1}},"locations":[{"start":{"line":58,"column":0},"end":{"line":65,"column":1}}]},"8":{"type":"branch","line":60,"loc":{"start":{"line":60,"column":18},"end":{"line":62,"column":83}},"locations":[{"start":{"line":60,"column":18},"end":{"line":62,"column":83}}]},"9":{"type":"branch","line":67,"loc":{"start":{"line":67,"column":0},"end":{"line":70,"column":1}},"locations":[{"start":{"line":67,"column":0},"end":{"line":70,"column":1}}]},"10":{"type":"branch","line":72,"loc":{"start":{"line":72,"column":0},"end":{"line":85,"column":1}},"locations":[{"start":{"line":72,"column":0},"end":{"line":85,"column":1}}]},"11":{"type":"branch","line":73,"loc":{"start":{"line":73,"column":17},"end":{"line":73,"column":43}},"locations":[{"start":{"line":73,"column":17},"end":{"line":73,"column":43}}]},"12":{"type":"branch","line":73,"loc":{"start":{"line":73,"column":30},"end":{"line":73,"column":50}},"locations":[{"start":{"line":73,"column":30},"end":{"line":73,"column":50}}]},"13":{"type":"branch","line":74,"loc":{"start":{"line":74,"column":15},"end":{"line":74,"column":41}},"locations":[{"start":{"line":74,"column":15},"end":{"line":74,"column":41}}]},"14":{"type":"branch","line":74,"loc":{"start":{"line":74,"column":28},"end":{"line":74,"column":48}},"locations":[{"start":{"line":74,"column":28},"end":{"line":74,"column":48}}]},"15":{"type":"branch","line":76,"loc":{"start":{"line":76,"column":21},"end":{"line":76,"column":36}},"locations":[{"start":{"line":76,"column":21},"end":{"line":76,"column":36}}]},"16":{"type":"branch","line":76,"loc":{"start":{"line":76,"column":32},"end":{"line":76,"column":39}},"locations":[{"start":{"line":76,"column":32},"end":{"line":76,"column":39}}]},"17":{"type":"branch","line":83,"loc":{"start":{"line":83,"column":23},"end":{"line":83,"column":60}},"locations":[{"start":{"line":83,"column":23},"end":{"line":83,"column":60}}]},"18":{"type":"branch","line":83,"loc":{"start":{"line":83,"column":56},"end":{"line":83,"column":63}},"locations":[{"start":{"line":83,"column":56},"end":{"line":83,"column":63}}]},"19":{"type":"branch","line":87,"loc":{"start":{"line":87,"column":0},"end":{"line":99,"column":1}},"locations":[{"start":{"line":87,"column":0},"end":{"line":99,"column":1}}]},"20":{"type":"branch","line":90,"loc":{"start":{"line":90,"column":49},"end":{"line":93,"column":3}},"locations":[{"start":{"line":90,"column":49},"end":{"line":93,"column":3}}]},"21":{"type":"branch","line":92,"loc":{"start":{"line":92,"column":40},"end":{"line":92,"column":64}},"locations":[{"start":{"line":92,"column":40},"end":{"line":92,"column":64}}]},"22":{"type":"branch","line":92,"loc":{"start":{"line":92,"column":51},"end":{"line":92,"column":72}},"locations":[{"start":{"line":92,"column":51},"end":{"line":92,"column":72}}]},"23":{"type":"branch","line":94,"loc":{"start":{"line":94,"column":50},"end":{"line":97,"column":3}},"locations":[{"start":{"line":94,"column":50},"end":{"line":97,"column":3}}]},"24":{"type":"branch","line":96,"loc":{"start":{"line":96,"column":39},"end":{"line":96,"column":63}},"locations":[{"start":{"line":96,"column":39},"end":{"line":96,"column":63}}]},"25":{"type":"branch","line":96,"loc":{"start":{"line":96,"column":50},"end":{"line":96,"column":71}},"locations":[{"start":{"line":96,"column":50},"end":{"line":96,"column":71}}]},"26":{"type":"branch","line":106,"loc":{"start":{"line":106,"column":7},"end":{"line":114,"column":1}},"locations":[{"start":{"line":106,"column":7},"end":{"line":114,"column":1}}]},"27":{"type":"branch","line":107,"loc":{"start":{"line":107,"column":25},"end":{"line":107,"column":77}},"locations":[{"start":{"line":107,"column":25},"end":{"line":107,"column":77}}]},"28":{"type":"branch","line":109,"loc":{"start":{"line":109,"column":26},"end":{"line":109,"column":72}},"locations":[{"start":{"line":109,"column":26},"end":{"line":109,"column":72}}]},"29":{"type":"branch","line":107,"loc":{"start":{"line":107,"column":52},"end":{"line":107,"column":73}},"locations":[{"start":{"line":107,"column":52},"end":{"line":107,"column":73}}]},"30":{"type":"branch","line":107,"loc":{"start":{"line":107,"column":66},"end":{"line":107,"column":77}},"locations":[{"start":{"line":107,"column":66},"end":{"line":107,"column":77}}]}},"b":{"0":[3596],"1":[702],"2":[28],"3":[674],"4":[70],"5":[15],"6":[42],"7":[42],"8":[84],"9":[28],"10":[42],"11":[14],"12":[28],"13":[14],"14":[28],"15":[14],"16":[28],"17":[28],"18":[14],"19":[15],"20":[376],"21":[189],"22":[187],"23":[256],"24":[128],"25":[128],"26":[15],"27":[7],"28":[42],"29":[6],"30":[1]},"fnMap":{"0":{"name":"round","decl":{"start":{"line":10,"column":14},"end":{"line":10,"column":65}},"loc":{"start":{"line":10,"column":14},"end":{"line":10,"column":65}},"line":10},"1":{"name":"svgLine","decl":{"start":{"line":13,"column":0},"end":{"line":18,"column":1}},"loc":{"start":{"line":13,"column":0},"end":{"line":18,"column":1}},"line":13},"2":{"name":"svgText","decl":{"start":{"line":20,"column":0},"end":{"line":23,"column":1}},"loc":{"start":{"line":20,"column":0},"end":{"line":23,"column":1}},"line":20},"3":{"name":"place","decl":{"start":{"line":41,"column":0},"end":{"line":55,"column":1}},"loc":{"start":{"line":41,"column":0},"end":{"line":55,"column":1}},"line":41},"4":{"name":"grainline","decl":{"start":{"line":58,"column":0},"end":{"line":65,"column":1}},"loc":{"start":{"line":58,"column":0},"end":{"line":65,"column":1}},"line":58},"5":{"name":"chevron","decl":{"start":{"line":60,"column":18},"end":{"line":62,"column":83}},"loc":{"start":{"line":60,"column":18},"end":{"line":62,"column":83}},"line":60},"6":{"name":"foldMark","decl":{"start":{"line":67,"column":0},"end":{"line":70,"column":1}},"loc":{"start":{"line":67,"column":0},"end":{"line":70,"column":1}},"line":67},"7":{"name":"renderPiece","decl":{"start":{"line":72,"column":0},"end":{"line":85,"column":1}},"loc":{"start":{"line":72,"column":0},"end":{"line":85,"column":1}},"line":72},"8":{"name":"buildGrid","decl":{"start":{"line":87,"column":0},"end":{"line":99,"column":1}},"loc":{"start":{"line":87,"column":0},"end":{"line":99,"column":1}},"line":87},"9":{"name":"renderBlueprint","decl":{"start":{"line":106,"column":7},"end":{"line":114,"column":1}},"loc":{"start":{"line":106,"column":7},"end":{"line":114,"column":1}},"line":106}},"f":{"0":3596,"1":702,"2":70,"3":15,"4":42,"5":84,"6":28,"7":42,"8":15,"9":15}}
,"F:\\designApp\\src\\render\\garment.ts": {"path":"F:\\designApp\\src\\render\\garment.ts","all":false,"statementMap":{"0":{"start":{"line":1,"column":0},"end":{"line":1,"column":78}},"1":{"start":{"line":8,"column":0},"end":{"line":8,"column":65}},"2":{"start":{"line":11,"column":0},"end":{"line":11,"column":68}},"3":{"start":{"line":12,"column":0},"end":{"line":12,"column":41}},"4":{"start":{"line":13,"column":0},"end":{"line":13,"column":39}},"5":{"start":{"line":14,"column":0},"end":{"line":14,"column":43}},"6":{"start":{"line":15,"column":0},"end":{"line":15,"column":37}},"7":{"start":{"line":16,"column":0},"end":{"line":16,"column":37}},"8":{"start":{"line":17,"column":0},"end":{"line":17,"column":2}},"9":{"start":{"line":19,"column":0},"end":{"line":19,"column":47}},"10":{"start":{"line":23,"column":0},"end":{"line":23,"column":69}},"11":{"start":{"line":24,"column":0},"end":{"line":24,"column":22}},"12":{"start":{"line":25,"column":0},"end":{"line":25,"column":62}},"13":{"start":{"line":26,"column":0},"end":{"line":26,"column":57}},"14":{"start":{"line":27,"column":0},"end":{"line":27,"column":64}},"15":{"start":{"line":28,"column":0},"end":{"line":28,"column":32}},"16":{"start":{"line":29,"column":0},"end":{"line":29,"column":28}},"17":{"start":{"line":30,"column":0},"end":{"line":30,"column":23}},"18":{"start":{"line":31,"column":0},"end":{"line":31,"column":73}},"19":{"start":{"line":32,"column":0},"end":{"line":32,"column":59}},"20":{"start":{"line":33,"column":0},"end":{"line":33,"column":61}},"21":{"start":{"line":35,"column":0},"end":{"line":35,"column":10}},"22":{"start":{"line":36,"column":0},"end":{"line":36,"column":68}},"23":{"start":{"line":37,"column":0},"end":{"line":37,"column":66}},"24":{"start":{"line":38,"column":0},"end":{"line":38,"column":69}},"25":{"start":{"line":39,"column":0},"end":{"line":39,"column":63}},"26":{"start":{"line":40,"column":0},"end":{"line":40,"column":75}},"27":{"start":{"line":41,"column":0},"end":{"line":41,"column":74}},"28":{"start":{"line":42,"column":0},"end":{"line":42,"column":66}},"29":{"start":{"line":43,"column":0},"end":{"line":43,"column":64}},"30":{"start":{"line":44,"column":0},"end":{"line":44,"column":68}},"31":{"start":{"line":45,"column":0},"end":{"line":45,"column":63}},"32":{"start":{"line":46,"column":0},"end":{"line":46,"column":65}},"33":{"start":{"line":47,"column":0},"end":{"line":47,"column":68}},"34":{"start":{"line":48,"column":0},"end":{"line":48,"column":81}},"35":{"start":{"line":49,"column":0},"end":{"line":49,"column":8}},"36":{"start":{"line":50,"column":0},"end":{"line":50,"column":14}},"37":{"start":{"line":51,"column":0},"end":{"line":51,"column":1}},"38":{"start":{"line":54,"column":0},"end":{"line":54,"column":48}},"39":{"start":{"line":55,"column":0},"end":{"line":55,"column":22}},"40":{"start":{"line":56,"column":0},"end":{"line":56,"column":74}},"41":{"start":{"line":57,"column":0},"end":{"line":57,"column":86}},"42":{"start":{"line":60,"column":0},"end":{"line":60,"column":82}},"43":{"start":{"line":61,"column":0},"end":{"line":61,"column":83}},"44":{"start":{"line":62,"column":0},"end":{"line":62,"column":1}},"45":{"start":{"line":64,"column":0},"end":{"line":64,"column":70}},"46":{"start":{"line":65,"column":0},"end":{"line":65,"column":68}},"47":{"start":{"line":66,"column":0},"end":{"line":66,"column":78}},"48":{"start":{"line":67,"column":0},"end":{"line":67,"column":70}},"49":{"start":{"line":69,"column":0},"end":{"line":69,"column":101}},"50":{"start":{"line":70,"column":0},"end":{"line":70,"column":81}},"51":{"start":{"line":71,"column":0},"end":{"line":71,"column":95}},"52":{"start":{"line":72,"column":0},"end":{"line":72,"column":21}},"53":{"start":{"line":73,"column":0},"end":{"line":73,"column":1}},"54":{"start":{"line":76,"column":0},"end":{"line":76,"column":72}},"55":{"start":{"line":77,"column":0},"end":{"line":77,"column":22}},"56":{"start":{"line":78,"column":0},"end":{"line":78,"column":80}},"57":{"start":{"line":79,"column":0},"end":{"line":79,"column":19}},"58":{"start":{"line":80,"column":0},"end":{"line":80,"column":17}},"59":{"start":{"line":81,"column":0},"end":{"line":81,"column":17}},"60":{"start":{"line":82,"column":0},"end":{"line":82,"column":33}},"61":{"start":{"line":83,"column":0},"end":{"line":83,"column":43}},"62":{"start":{"line":84,"column":0},"end":{"line":84,"column":40}},"63":{"start":{"line":85,"column":0},"end":{"line":85,"column":41}},"64":{"start":{"line":87,"column":0},"end":{"line":87,"column":78}},"65":{"start":{"line":88,"column":0},"end":{"line":88,"column":96}},"66":{"start":{"line":89,"column":0},"end":{"line":89,"column":100}},"67":{"start":{"line":90,"column":0},"end":{"line":90,"column":67}},"68":{"start":{"line":91,"column":0},"end":{"line":91,"column":64}},"69":{"start":{"line":92,"column":0},"end":{"line":92,"column":13}},"70":{"start":{"line":93,"column":0},"end":{"line":93,"column":1}}},"s":{"0":2,"1":2,"2":2,"3":2,"4":2,"5":2,"6":2,"7":2,"8":2,"9":2,"10":16,"11":16,"12":16,"13":16,"14":16,"15":16,"16":16,"17":16,"18":16,"19":16,"20":16,"21":16,"22":16,"23":16,"24":16,"25":16,"26":16,"27":16,"28":16,"29":16,"30":16,"31":16,"32":16,"33":16,"34":16,"35":16,"36":16,"37":16,"38":16,"39":16,"40":16,"41":32,"42":16,"43":16,"44":16,"45":16,"46":16,"47":16,"48":16,"49":16,"50":16,"51":16,"52":16,"53":16,"54":2,"55":8,"56":8,"57":8,"58":8,"59":8,"60":8,"61":8,"62":8,"63":8,"64":8,"65":8,"66":8,"67":8,"68":8,"69":8,"70":8},"branchMap":{"0":{"type":"branch","line":8,"loc":{"start":{"line":8,"column":14},"end":{"line":8,"column":65}},"locations":[{"start":{"line":8,"column":14},"end":{"line":8,"column":65}}]},"1":{"type":"branch","line":23,"loc":{"start":{"line":23,"column":0},"end":{"line":51,"column":1}},"locations":[{"start":{"line":23,"column":0},"end":{"line":51,"column":1}}]},"2":{"type":"branch","line":54,"loc":{"start":{"line":54,"column":0},"end":{"line":62,"column":1}},"locations":[{"start":{"line":54,"column":0},"end":{"line":62,"column":1}}]},"3":{"type":"branch","line":56,"loc":{"start":{"line":56,"column":15},"end":{"line":57,"column":86}},"locations":[{"start":{"line":56,"column":15},"end":{"line":57,"column":86}}]},"4":{"type":"branch","line":64,"loc":{"start":{"line":64,"column":0},"end":{"line":73,"column":1}},"locations":[{"start":{"line":64,"column":0},"end":{"line":73,"column":1}}]},"5":{"type":"branch","line":76,"loc":{"start":{"line":76,"column":7},"end":{"line":93,"column":1}},"locations":[{"start":{"line":76,"column":7},"end":{"line":93,"column":1}}]}},"b":{"0":[608],"1":[16],"2":[16],"3":[32],"4":[16],"5":[8]},"fnMap":{"0":{"name":"round","decl":{"start":{"line":8,"column":14},"end":{"line":8,"column":65}},"loc":{"start":{"line":8,"column":14},"end":{"line":8,"column":65}},"line":8},"1":{"name":"silhouettePath","decl":{"start":{"line":23,"column":0},"end":{"line":51,"column":1}},"loc":{"start":{"line":23,"column":0},"end":{"line":51,"column":1}},"line":23},"2":{"name":"armholeSeams","decl":{"start":{"line":54,"column":0},"end":{"line":62,"column":1}},"loc":{"start":{"line":54,"column":0},"end":{"line":62,"column":1}},"line":54},"3":{"name":"seam","decl":{"start":{"line":56,"column":15},"end":{"line":57,"column":86}},"loc":{"start":{"line":56,"column":15},"end":{"line":57,"column":86}},"line":56},"4":{"name":"renderOne","decl":{"start":{"line":64,"column":0},"end":{"line":73,"column":1}},"loc":{"start":{"line":64,"column":0},"end":{"line":73,"column":1}},"line":64},"5":{"name":"renderGarment","decl":{"start":{"line":76,"column":7},"end":{"line":93,"column":1}},"loc":{"start":{"line":76,"column":7},"end":{"line":93,"column":1}},"line":76}},"f":{"0":608,"1":16,"2":16,"3":32,"4":16,"5":8}}
,"F:\\designApp\\src\\render\\shape.ts": {"path":"F:\\designApp\\src\\render\\shape.ts","all":false,"statementMap":{"0":{"start":{"line":1,"column":0},"end":{"line":1,"column":62}},"1":{"start":{"line":7,"column":0},"end":{"line":7,"column":65}},"2":{"start":{"line":10,"column":0},"end":{"line":10,"column":51}},"3":{"start":{"line":11,"column":0},"end":{"line":11,"column":29}},"4":{"start":{"line":12,"column":0},"end":{"line":12,"column":36}},"5":{"start":{"line":13,"column":0},"end":{"line":13,"column":18}},"6":{"start":{"line":14,"column":0},"end":{"line":14,"column":32}},"7":{"start":{"line":15,"column":0},"end":{"line":15,"column":50}},"8":{"start":{"line":16,"column":0},"end":{"line":16,"column":5}},"9":{"start":{"line":17,"column":0},"end":{"line":17,"column":31}},"10":{"start":{"line":18,"column":0},"end":{"line":18,"column":64}},"11":{"start":{"line":19,"column":0},"end":{"line":19,"column":12}},"12":{"start":{"line":20,"column":0},"end":{"line":20,"column":27}},"13":{"start":{"line":21,"column":0},"end":{"line":21,"column":17}},"14":{"start":{"line":22,"column":0},"end":{"line":22,"column":60}},"15":{"start":{"line":23,"column":0},"end":{"line":23,"column":58}},"16":{"start":{"line":24,"column":0},"end":{"line":24,"column":45}},"17":{"start":{"line":25,"column":0},"end":{"line":25,"column":8}},"18":{"start":{"line":26,"column":0},"end":{"line":26,"column":5}},"19":{"start":{"line":27,"column":0},"end":{"line":27,"column":5}},"20":{"start":{"line":28,"column":0},"end":{"line":28,"column":18}},"21":{"start":{"line":29,"column":0},"end":{"line":29,"column":25}},"22":{"start":{"line":30,"column":0},"end":{"line":30,"column":1}},"23":{"start":{"line":40,"column":0},"end":{"line":40,"column":51}},"24":{"start":{"line":41,"column":0},"end":{"line":41,"column":26}},"25":{"start":{"line":42,"column":0},"end":{"line":42,"column":26}},"26":{"start":{"line":43,"column":0},"end":{"line":43,"column":32}},"27":{"start":{"line":44,"column":0},"end":{"line":44,"column":49}},"28":{"start":{"line":45,"column":0},"end":{"line":45,"column":19}},"29":{"start":{"line":46,"column":0},"end":{"line":46,"column":19}},"30":{"start":{"line":47,"column":0},"end":{"line":47,"column":5}},"31":{"start":{"line":48,"column":0},"end":{"line":48,"column":3}},"32":{"start":{"line":49,"column":0},"end":{"line":49,"column":31}},"33":{"start":{"line":50,"column":0},"end":{"line":50,"column":31}},"34":{"start":{"line":51,"column":0},"end":{"line":51,"column":87}},"35":{"start":{"line":52,"column":0},"end":{"line":52,"column":1}}},"s":{"0":2,"1":2,"2":2,"3":44,"4":44,"5":248,"6":44,"7":44,"8":44,"9":248,"10":162,"11":248,"12":86,"13":86,"14":86,"15":86,"16":86,"17":86,"18":86,"19":44,"20":44,"21":44,"22":44,"23":2,"24":44,"25":44,"26":44,"27":248,"28":496,"29":496,"30":496,"31":248,"32":44,"33":44,"34":44,"35":44},"branchMap":{"0":{"type":"branch","line":7,"loc":{"start":{"line":7,"column":14},"end":{"line":7,"column":65}},"locations":[{"start":{"line":7,"column":14},"end":{"line":7,"column":65}}]},"1":{"type":"branch","line":10,"loc":{"start":{"line":10,"column":7},"end":{"line":30,"column":1}},"locations":[{"start":{"line":10,"column":7},"end":{"line":30,"column":1}}]},"2":{"type":"branch","line":12,"loc":{"start":{"line":12,"column":22},"end":{"line":27,"column":3}},"locations":[{"start":{"line":12,"column":22},"end":{"line":27,"column":3}}]},"3":{"type":"branch","line":13,"loc":{"start":{"line":13,"column":17},"end":{"line":16,"column":5}},"locations":[{"start":{"line":13,"column":17},"end":{"line":16,"column":5}}]},"4":{"type":"branch","line":17,"loc":{"start":{"line":17,"column":30},"end":{"line":19,"column":11}},"locations":[{"start":{"line":17,"column":30},"end":{"line":19,"column":11}}]},"5":{"type":"branch","line":19,"loc":{"start":{"line":19,"column":4},"end":{"line":26,"column":5}},"locations":[{"start":{"line":19,"column":4},"end":{"line":26,"column":5}}]},"6":{"type":"branch","line":40,"loc":{"start":{"line":40,"column":7},"end":{"line":52,"column":1}},"locations":[{"start":{"line":40,"column":7},"end":{"line":52,"column":1}}]},"7":{"type":"branch","line":43,"loc":{"start":{"line":43,"column":31},"end":{"line":48,"column":3}},"locations":[{"start":{"line":43,"column":31},"end":{"line":48,"column":3}}]},"8":{"type":"branch","line":44,"loc":{"start":{"line":44,"column":48},"end":{"line":47,"column":5}},"locations":[{"start":{"line":44,"column":48},"end":{"line":47,"column":5}}]}},"b":{"0":[928],"1":[44],"2":[248],"3":[44],"4":[162],"5":[86],"6":[44],"7":[248],"8":[496]},"fnMap":{"0":{"name":"round","decl":{"start":{"line":7,"column":14},"end":{"line":7,"column":65}},"loc":{"start":{"line":7,"column":14},"end":{"line":7,"column":65}},"line":7},"1":{"name":"pieceToPath","decl":{"start":{"line":10,"column":7},"end":{"line":30,"column":1}},"loc":{"start":{"line":10,"column":7},"end":{"line":30,"column":1}},"line":10},"2":{"name":"pieceBounds","decl":{"start":{"line":40,"column":7},"end":{"line":52,"column":1}},"loc":{"start":{"line":40,"column":7},"end":{"line":52,"column":1}},"line":40}},"f":{"0":928,"1":44,"2":44}}
,"F:\\designApp\\src\\render\\theme.ts": {"path":"F:\\designApp\\src\\render\\theme.ts","all":false,"statementMap":{"0":{"start":{"line":5,"column":0},"end":{"line":5,"column":26}},"1":{"start":{"line":6,"column":0},"end":{"line":6,"column":24}},"2":{"start":{"line":7,"column":0},"end":{"line":7,"column":50}},"3":{"start":{"line":8,"column":0},"end":{"line":8,"column":54}},"4":{"start":{"line":9,"column":0},"end":{"line":9,"column":51}},"5":{"start":{"line":10,"column":0},"end":{"line":10,"column":55}},"6":{"start":{"line":11,"column":0},"end":{"line":11,"column":33}},"7":{"start":{"line":12,"column":0},"end":{"line":12,"column":38}},"8":{"start":{"line":13,"column":0},"end":{"line":13,"column":59}},"9":{"start":{"line":14,"column":0},"end":{"line":14,"column":19}},"10":{"start":{"line":15,"column":0},"end":{"line":15,"column":11}}},"s":{"0":2,"1":2,"2":2,"3":2,"4":2,"5":2,"6":2,"7":2,"8":2,"9":2,"10":2},"branchMap":{},"b":{},"fnMap":{},"f":{}}
,"F:\\designApp\\src\\style\\style.ts": {"path":"F:\\designApp\\src\\style\\style.ts","all":false,"statementMap":{"0":{"start":{"line":18,"column":0},"end":{"line":18,"column":37}},"1":{"start":{"line":19,"column":0},"end":{"line":19,"column":69}},"2":{"start":{"line":20,"column":0},"end":{"line":20,"column":71}},"3":{"start":{"line":21,"column":0},"end":{"line":21,"column":72}},"4":{"start":{"line":22,"column":0},"end":{"line":22,"column":74}},"5":{"start":{"line":23,"column":0},"end":{"line":23,"column":68}},"6":{"start":{"line":24,"column":0},"end":{"line":24,"column":70}},"7":{"start":{"line":25,"column":0},"end":{"line":25,"column":73}},"8":{"start":{"line":26,"column":0},"end":{"line":26,"column":74}},"9":{"start":{"line":27,"column":0},"end":{"line":27,"column":81}},"10":{"start":{"line":28,"column":0},"end":{"line":28,"column":2}},"11":{"start":{"line":43,"column":0},"end":{"line":43,"column":69}},"12":{"start":{"line":44,"column":0},"end":{"line":44,"column":98}},"13":{"start":{"line":45,"column":0},"end":{"line":45,"column":29}},"14":{"start":{"line":46,"column":0},"end":{"line":46,"column":19}},"15":{"start":{"line":47,"column":0},"end":{"line":47,"column":43}},"16":{"start":{"line":48,"column":0},"end":{"line":48,"column":20}},"17":{"start":{"line":49,"column":0},"end":{"line":49,"column":18}},"18":{"start":{"line":50,"column":0},"end":{"line":50,"column":75}},"19":{"start":{"line":51,"column":0},"end":{"line":51,"column":26}},"20":{"start":{"line":52,"column":0},"end":{"line":52,"column":25}},"21":{"start":{"line":53,"column":0},"end":{"line":53,"column":76}},"22":{"start":{"line":54,"column":0},"end":{"line":54,"column":26}},"23":{"start":{"line":55,"column":0},"end":{"line":55,"column":5}},"24":{"start":{"line":56,"column":0},"end":{"line":56,"column":3}},"25":{"start":{"line":57,"column":0},"end":{"line":57,"column":46}},"26":{"start":{"line":58,"column":0},"end":{"line":58,"column":1}},"27":{"start":{"line":61,"column":0},"end":{"line":61,"column":58}},"28":{"start":{"line":62,"column":0},"end":{"line":62,"column":86}},"29":{"start":{"line":63,"column":0},"end":{"line":63,"column":1}},"30":{"start":{"line":66,"column":0},"end":{"line":66,"column":72}},"31":{"start":{"line":67,"column":0},"end":{"line":67,"column":48}},"32":{"start":{"line":68,"column":0},"end":{"line":68,"column":42}},"33":{"start":{"line":69,"column":0},"end":{"line":69,"column":44}},"34":{"start":{"line":70,"column":0},"end":{"line":70,"column":21}},"35":{"start":{"line":71,"column":0},"end":{"line":71,"column":1}},"36":{"start":{"line":78,"column":0},"end":{"line":78,"column":69}},"37":{"start":{"line":79,"column":0},"end":{"line":79,"column":64}},"38":{"start":{"line":80,"column":0},"end":{"line":80,"column":1}}},"s":{"0":2,"1":2,"2":2,"3":2,"4":2,"5":2,"6":2,"7":2,"8":2,"9":2,"10":2,"11":216,"12":216,"13":216,"14":216,"15":216,"16":432,"17":432,"18":124,"19":124,"20":432,"21":121,"22":121,"23":121,"24":432,"25":216,"26":216,"27":2,"28":12,"29":12,"30":2,"31":12,"32":12,"33":12,"34":12,"35":12,"36":2,"37":9,"38":9},"branchMap":{"0":{"type":"branch","line":43,"loc":{"start":{"line":43,"column":0},"end":{"line":58,"column":1}},"locations":[{"start":{"line":43,"column":0},"end":{"line":58,"column":1}}]},"1":{"type":"branch","line":47,"loc":{"start":{"line":47,"column":42},"end":{"line":56,"column":3}},"locations":[{"start":{"line":47,"column":42},"end":{"line":56,"column":3}}]},"2":{"type":"branch","line":49,"loc":{"start":{"line":49,"column":17},"end":{"line":52,"column":15}},"locations":[{"start":{"line":49,"column":17},"end":{"line":52,"column":15}}]},"3":{"type":"branch","line":52,"loc":{"start":{"line":52,"column":4},"end":{"line":55,"column":5}},"locations":[{"start":{"line":52,"column":4},"end":{"line":55,"column":5}}]},"4":{"type":"branch","line":52,"loc":{"start":{"line":52,"column":24},"end":{"line":55,"column":5}},"locations":[{"start":{"line":52,"column":24},"end":{"line":55,"column":5}}]},"5":{"type":"branch","line":61,"loc":{"start":{"line":61,"column":7},"end":{"line":63,"column":1}},"locations":[{"start":{"line":61,"column":7},"end":{"line":63,"column":1}}]},"6":{"type":"branch","line":62,"loc":{"start":{"line":62,"column":23},"end":{"line":62,"column":65}},"locations":[{"start":{"line":62,"column":23},"end":{"line":62,"column":65}}]},"7":{"type":"branch","line":62,"loc":{"start":{"line":62,"column":71},"end":{"line":62,"column":84}},"locations":[{"start":{"line":62,"column":71},"end":{"line":62,"column":84}}]},"8":{"type":"branch","line":66,"loc":{"start":{"line":66,"column":7},"end":{"line":71,"column":1}},"locations":[{"start":{"line":66,"column":7},"end":{"line":71,"column":1}}]},"9":{"type":"branch","line":67,"loc":{"start":{"line":67,"column":20},"end":{"line":67,"column":47}},"locations":[{"start":{"line":67,"column":20},"end":{"line":67,"column":47}}]},"10":{"type":"branch","line":68,"loc":{"start":{"line":68,"column":12},"end":{"line":68,"column":41}},"locations":[{"start":{"line":68,"column":12},"end":{"line":68,"column":41}}]},"11":{"type":"branch","line":69,"loc":{"start":{"line":69,"column":10},"end":{"line":69,"column":43}},"locations":[{"start":{"line":69,"column":10},"end":{"line":69,"column":43}}]},"12":{"type":"branch","line":78,"loc":{"start":{"line":78,"column":7},"end":{"line":80,"column":1}},"locations":[{"start":{"line":78,"column":7},"end":{"line":80,"column":1}}]}},"b":{"0":[216],"1":[432],"2":[124],"3":[308],"4":[121],"5":[12],"6":[108],"7":[11],"8":[12],"9":[108],"10":[108],"11":[180],"12":[9]},"fnMap":{"0":{"name":"measureAgainst","decl":{"start":{"line":43,"column":0},"end":{"line":58,"column":1}},"loc":{"start":{"line":43,"column":0},"end":{"line":58,"column":1}},"line":43},"1":{"name":"currentStyles","decl":{"start":{"line":61,"column":7},"end":{"line":63,"column":1}},"loc":{"start":{"line":61,"column":7},"end":{"line":63,"column":1}},"line":61},"2":{"name":"nearbyStyles","decl":{"start":{"line":66,"column":7},"end":{"line":71,"column":1}},"loc":{"start":{"line":66,"column":7},"end":{"line":71,"column":1}},"line":66},"3":{"name":"styleSuggestions","decl":{"start":{"line":78,"column":7},"end":{"line":80,"column":1}},"loc":{"start":{"line":78,"column":7},"end":{"line":80,"column":1}},"line":78}},"f":{"0":216,"1":12,"2":12,"3":9}}
,"F:\\designApp\\src\\ui\\app.ts": {"path":"F:\\designApp\\src\\ui\\app.ts","all":false,"statementMap":{"0":{"start":{"line":1,"column":0},"end":{"line":1,"column":76}},"12":{"start":{"line":13,"column":0},"end":{"line":13,"column":51}},"13":{"start":{"line":14,"column":0},"end":{"line":14,"column":46}},"14":{"start":{"line":15,"column":0},"end":{"line":15,"column":30}},"15":{"start":{"line":16,"column":0},"end":{"line":16,"column":56}},"17":{"start":{"line":18,"column":0},"end":{"line":18,"column":73}},"18":{"start":{"line":19,"column":0},"end":{"line":19,"column":75}},"19":{"start":{"line":20,"column":0},"end":{"line":20,"column":77}},"20":{"start":{"line":21,"column":0},"end":{"line":21,"column":71}},"22":{"start":{"line":23,"column":0},"end":{"line":23,"column":28}},"23":{"start":{"line":24,"column":0},"end":{"line":24,"column":44}},"24":{"start":{"line":25,"column":0},"end":{"line":25,"column":43}},"25":{"start":{"line":26,"column":0},"end":{"line":26,"column":68}},"26":{"start":{"line":27,"column":0},"end":{"line":27,"column":64}},"27":{"start":{"line":28,"column":0},"end":{"line":28,"column":65}},"28":{"start":{"line":29,"column":0},"end":{"line":29,"column":70}},"29":{"start":{"line":30,"column":0},"end":{"line":30,"column":4}},"30":{"start":{"line":31,"column":0},"end":{"line":31,"column":9}},"32":{"start":{"line":33,"column":0},"end":{"line":33,"column":83}},"33":{"start":{"line":34,"column":0},"end":{"line":34,"column":68}},"34":{"start":{"line":35,"column":0},"end":{"line":35,"column":43}},"35":{"start":{"line":36,"column":0},"end":{"line":36,"column":67}},"36":{"start":{"line":37,"column":0},"end":{"line":37,"column":13}},"37":{"start":{"line":38,"column":0},"end":{"line":38,"column":7}},"38":{"start":{"line":39,"column":0},"end":{"line":39,"column":44}},"39":{"start":{"line":40,"column":0},"end":{"line":40,"column":51}},"40":{"start":{"line":41,"column":0},"end":{"line":41,"column":7}},"41":{"start":{"line":42,"column":0},"end":{"line":42,"column":5}},"43":{"start":{"line":44,"column":0},"end":{"line":44,"column":83}},"44":{"start":{"line":45,"column":0},"end":{"line":45,"column":32}},"45":{"start":{"line":46,"column":0},"end":{"line":46,"column":44}},"46":{"start":{"line":47,"column":0},"end":{"line":47,"column":38}},"47":{"start":{"line":48,"column":0},"end":{"line":48,"column":31}},"48":{"start":{"line":49,"column":0},"end":{"line":49,"column":101}},"49":{"start":{"line":50,"column":0},"end":{"line":50,"column":9}},"50":{"start":{"line":51,"column":0},"end":{"line":51,"column":13}},"51":{"start":{"line":52,"column":0},"end":{"line":52,"column":7}},"52":{"start":{"line":53,"column":0},"end":{"line":53,"column":5}},"53":{"start":{"line":54,"column":0},"end":{"line":54,"column":1}}},"s":{"0":1,"12":1,"13":4,"14":4,"15":4,"17":4,"18":4,"19":4,"20":4,"22":4,"23":7,"24":7,"25":7,"26":7,"27":7,"28":7,"29":7,"30":4,"32":4,"33":28,"34":28,"35":2,"36":2,"37":28,"38":28,"39":1,"40":28,"41":4,"43":4,"44":4,"45":20,"46":1,"47":1,"48":5,"49":1,"50":1,"51":20,"52":4,"53":4},"branchMap":{"0":{"type":"branch","line":13,"loc":{"start":{"line":13,"column":7},"end":{"line":54,"column":1}},"locations":[{"start":{"line":13,"column":7},"end":{"line":54,"column":1}}]},"1":{"type":"branch","line":23,"loc":{"start":{"line":23,"column":15},"end":{"line":30,"column":4}},"locations":[{"start":{"line":23,"column":15},"end":{"line":30,"column":4}}]},"2":{"type":"branch","line":33,"loc":{"start":{"line":33,"column":71},"end":{"line":42,"column":3}},"locations":[{"start":{"line":33,"column":71},"end":{"line":42,"column":3}}]},"3":{"type":"branch","line":34,"loc":{"start":{"line":34,"column":30},"end":{"line":34,"column":65}},"locations":[{"start":{"line":34,"column":30},"end":{"line":34,"column":65}}]},"4":{"type":"branch","line":35,"loc":{"start":{"line":35,"column":36},"end":{"line":38,"column":5}},"locations":[{"start":{"line":35,"column":36},"end":{"line":38,"column":5}}]},"5":{"type":"branch","line":39,"loc":{"start":{"line":39,"column":37},"end":{"line":41,"column":5}},"locations":[{"start":{"line":39,"column":37},"end":{"line":41,"column":5}}]},"6":{"type":"branch","line":45,"loc":{"start":{"line":45,"column":19},"end":{"line":53,"column":3}},"locations":[{"start":{"line":45,"column":19},"end":{"line":53,"column":3}}]},"7":{"type":"branch","line":46,"loc":{"start":{"line":46,"column":37},"end":{"line":52,"column":5}},"locations":[{"start":{"line":46,"column":37},"end":{"line":52,"column":5}}]},"8":{"type":"branch","line":48,"loc":{"start":{"line":48,"column":23},"end":{"line":50,"column":7}},"locations":[{"start":{"line":48,"column":23},"end":{"line":50,"column":7}}]},"9":{"type":"branch","line":49,"loc":{"start":{"line":49,"column":47},"end":{"line":49,"column":94}},"locations":[{"start":{"line":49,"column":47},"end":{"line":49,"column":94}}]},"10":{"type":"branch","line":49,"loc":{"start":{"line":49,"column":89},"end":{"line":49,"column":101}},"locations":[{"start":{"line":49,"column":89},"end":{"line":49,"column":101}}]}},"b":{"0":[4],"1":[7],"2":[28],"3":[112],"4":[2],"5":[1],"6":[20],"7":[1],"8":[5],"9":[1],"10":[4]},"fnMap":{"0":{"name":"mountApp","decl":{"start":{"line":13,"column":7},"end":{"line":54,"column":1}},"loc":{"start":{"line":13,"column":7},"end":{"line":54,"column":1}},"line":13},"1":{"name":"draw","decl":{"start":{"line":23,"column":15},"end":{"line":30,"column":4}},"loc":{"start":{"line":23,"column":15},"end":{"line":30,"column":4}},"line":23}},"f":{"0":4,"1":7}}
,"F:\\designApp\\src\\ui\\controls.ts": {"path":"F:\\designApp\\src\\ui\\controls.ts","all":false,"statementMap":{"0":{"start":{"line":15,"column":0},"end":{"line":15,"column":41}},"1":{"start":{"line":16,"column":0},"end":{"line":16,"column":62}},"2":{"start":{"line":17,"column":0},"end":{"line":17,"column":78}},"3":{"start":{"line":18,"column":0},"end":{"line":18,"column":61}},"4":{"start":{"line":19,"column":0},"end":{"line":19,"column":64}},"5":{"start":{"line":20,"column":0},"end":{"line":20,"column":76}},"6":{"start":{"line":21,"column":0},"end":{"line":21,"column":75}},"7":{"start":{"line":22,"column":0},"end":{"line":22,"column":58}},"8":{"start":{"line":23,"column":0},"end":{"line":23,"column":2}},"9":{"start":{"line":26,"column":0},"end":{"line":26,"column":72}},"10":{"start":{"line":27,"column":0},"end":{"line":27,"column":45}},"11":{"start":{"line":28,"column":0},"end":{"line":28,"column":1}},"12":{"start":{"line":35,"column":0},"end":{"line":35,"column":87}},"13":{"start":{"line":36,"column":0},"end":{"line":36,"column":24}},"14":{"start":{"line":37,"column":0},"end":{"line":37,"column":32}},"15":{"start":{"line":38,"column":0},"end":{"line":38,"column":62}},"16":{"start":{"line":39,"column":0},"end":{"line":39,"column":1}}},"s":{"0":2,"1":2,"2":2,"3":2,"4":2,"5":2,"6":2,"7":2,"8":2,"9":2,"10":8,"11":8,"12":2,"13":6,"14":6,"15":5,"16":5},"branchMap":{"0":{"type":"branch","line":26,"loc":{"start":{"line":26,"column":7},"end":{"line":28,"column":1}},"locations":[{"start":{"line":26,"column":7},"end":{"line":28,"column":1}}]},"1":{"type":"branch","line":35,"loc":{"start":{"line":35,"column":7},"end":{"line":39,"column":1}},"locations":[{"start":{"line":35,"column":7},"end":{"line":39,"column":1}}]},"2":{"type":"branch","line":37,"loc":{"start":{"line":37,"column":23},"end":{"line":37,"column":32}},"locations":[{"start":{"line":37,"column":23},"end":{"line":37,"column":32}}]},"3":{"type":"branch","line":37,"loc":{"start":{"line":37,"column":30},"end":{"line":39,"column":1}},"locations":[{"start":{"line":37,"column":30},"end":{"line":39,"column":1}}]}},"b":{"0":[8],"1":[6],"2":[1],"3":[5]},"fnMap":{"0":{"name":"clamp","decl":{"start":{"line":26,"column":7},"end":{"line":28,"column":1}},"loc":{"start":{"line":26,"column":7},"end":{"line":28,"column":1}},"line":26},"1":{"name":"applyChange","decl":{"start":{"line":35,"column":7},"end":{"line":39,"column":1}},"loc":{"start":{"line":35,"column":7},"end":{"line":39,"column":1}},"line":35}},"f":{"0":8,"1":6}}
,"F:\\designApp\\src\\ui\\view.ts": {"path":"F:\\designApp\\src\\ui\\view.ts","all":false,"statementMap":{"0":{"start":{"line":1,"column":0},"end":{"line":1,"column":81}},"1":{"start":{"line":11,"column":0},"end":{"line":11,"column":24}},"2":{"start":{"line":12,"column":0},"end":{"line":12,"column":25}},"3":{"start":{"line":13,"column":0},"end":{"line":13,"column":21}},"4":{"start":{"line":15,"column":0},"end":{"line":15,"column":41}},"5":{"start":{"line":16,"column":0},"end":{"line":16,"column":79}},"6":{"start":{"line":17,"column":0},"end":{"line":17,"column":89}},"7":{"start":{"line":19,"column":0},"end":{"line":19,"column":54}},"8":{"start":{"line":20,"column":0},"end":{"line":20,"column":106}},"9":{"start":{"line":21,"column":0},"end":{"line":21,"column":102}},"10":{"start":{"line":22,"column":0},"end":{"line":22,"column":97}},"11":{"start":{"line":23,"column":0},"end":{"line":23,"column":1}},"12":{"start":{"line":25,"column":0},"end":{"line":25,"column":43}},"13":{"start":{"line":26,"column":0},"end":{"line":26,"column":103}},"14":{"start":{"line":27,"column":0},"end":{"line":27,"column":57}},"15":{"start":{"line":28,"column":0},"end":{"line":28,"column":1}},"16":{"start":{"line":30,"column":0},"end":{"line":30,"column":53}},"17":{"start":{"line":31,"column":0},"end":{"line":31,"column":87}},"18":{"start":{"line":32,"column":0},"end":{"line":32,"column":73}},"19":{"start":{"line":33,"column":0},"end":{"line":33,"column":1}},"20":{"start":{"line":36,"column":0},"end":{"line":36,"column":57}},"21":{"start":{"line":37,"column":0},"end":{"line":37,"column":95}},"22":{"start":{"line":38,"column":0},"end":{"line":38,"column":87}},"23":{"start":{"line":39,"column":0},"end":{"line":39,"column":87}},"24":{"start":{"line":40,"column":0},"end":{"line":40,"column":1}},"25":{"start":{"line":42,"column":0},"end":{"line":42,"column":89}},"26":{"start":{"line":45,"column":0},"end":{"line":45,"column":64}},"27":{"start":{"line":46,"column":0},"end":{"line":46,"column":31}},"28":{"start":{"line":47,"column":0},"end":{"line":47,"column":94}},"29":{"start":{"line":49,"column":0},"end":{"line":49,"column":93}},"30":{"start":{"line":50,"column":0},"end":{"line":50,"column":13}},"31":{"start":{"line":51,"column":0},"end":{"line":51,"column":33}},"32":{"start":{"line":52,"column":0},"end":{"line":52,"column":1}},"33":{"start":{"line":55,"column":0},"end":{"line":55,"column":63}},"34":{"start":{"line":56,"column":0},"end":{"line":56,"column":31}},"35":{"start":{"line":57,"column":0},"end":{"line":57,"column":59}},"36":{"start":{"line":58,"column":0},"end":{"line":58,"column":93}},"37":{"start":{"line":59,"column":0},"end":{"line":59,"column":105}},"38":{"start":{"line":61,"column":0},"end":{"line":61,"column":13}},"39":{"start":{"line":62,"column":0},"end":{"line":62,"column":79}},"40":{"start":{"line":63,"column":0},"end":{"line":63,"column":100}},"41":{"start":{"line":64,"column":0},"end":{"line":64,"column":49}},"42":{"start":{"line":65,"column":0},"end":{"line":65,"column":1}},"43":{"start":{"line":68,"column":0},"end":{"line":68,"column":38}},"44":{"start":{"line":69,"column":0},"end":{"line":69,"column":57}},"45":{"start":{"line":70,"column":0},"end":{"line":70,"column":61}},"46":{"start":{"line":71,"column":0},"end":{"line":71,"column":1}},"47":{"start":{"line":74,"column":0},"end":{"line":74,"column":58}},"48":{"start":{"line":75,"column":0},"end":{"line":75,"column":81}},"49":{"start":{"line":76,"column":0},"end":{"line":76,"column":82}},"50":{"start":{"line":77,"column":0},"end":{"line":77,"column":70}},"51":{"start":{"line":78,"column":0},"end":{"line":78,"column":34}},"52":{"start":{"line":79,"column":0},"end":{"line":79,"column":40}},"53":{"start":{"line":80,"column":0},"end":{"line":80,"column":67}},"54":{"start":{"line":81,"column":0},"end":{"line":81,"column":95}},"55":{"start":{"line":82,"column":0},"end":{"line":82,"column":55}},"56":{"start":{"line":83,"column":0},"end":{"line":83,"column":13}},"57":{"start":{"line":84,"column":0},"end":{"line":84,"column":37}},"58":{"start":{"line":85,"column":0},"end":{"line":85,"column":1}},"59":{"start":{"line":88,"column":0},"end":{"line":88,"column":73}},"60":{"start":{"line":89,"column":0},"end":{"line":89,"column":104}},"61":{"start":{"line":90,"column":0},"end":{"line":90,"column":28}},"62":{"start":{"line":92,"column":0},"end":{"line":92,"column":102}},"63":{"start":{"line":95,"column":0},"end":{"line":95,"column":1}}},"s":{"0":2,"1":2,"2":2,"3":2,"4":42,"5":42,"6":42,"7":42,"8":42,"9":42,"10":42,"11":42,"12":23,"13":23,"14":23,"15":23,"16":17,"17":17,"18":17,"19":17,"20":2,"21":6,"22":6,"23":6,"24":6,"25":2,"26":2,"27":8,"28":9,"29":9,"30":8,"31":8,"32":8,"33":2,"34":6,"35":30,"36":30,"37":30,"38":6,"39":6,"40":6,"41":6,"42":6,"43":24,"44":24,"45":24,"46":24,"47":2,"48":9,"49":9,"50":9,"51":9,"52":24,"53":24,"54":24,"55":24,"56":9,"57":9,"58":9,"59":2,"60":5,"61":5,"62":5,"63":5},"branchMap":{"0":{"type":"branch","line":15,"loc":{"start":{"line":15,"column":0},"end":{"line":23,"column":1}},"locations":[{"start":{"line":15,"column":0},"end":{"line":23,"column":1}}]},"1":{"type":"branch","line":25,"loc":{"start":{"line":25,"column":0},"end":{"line":28,"column":1}},"locations":[{"start":{"line":25,"column":0},"end":{"line":28,"column":1}}]},"2":{"type":"branch","line":30,"loc":{"start":{"line":30,"column":0},"end":{"line":33,"column":1}},"locations":[{"start":{"line":30,"column":0},"end":{"line":33,"column":1}}]},"3":{"type":"branch","line":36,"loc":{"start":{"line":36,"column":7},"end":{"line":40,"column":1}},"locations":[{"start":{"line":36,"column":7},"end":{"line":40,"column":1}}]},"4":{"type":"branch","line":37,"loc":{"start":{"line":37,"column":26},"end":{"line":37,"column":84}},"locations":[{"start":{"line":37,"column":26},"end":{"line":37,"column":84}}]},"5":{"type":"branch","line":45,"loc":{"start":{"line":45,"column":7},"end":{"line":52,"column":1}},"locations":[{"start":{"line":45,"column":7},"end":{"line":52,"column":1}}]},"6":{"type":"branch","line":46,"loc":{"start":{"line":46,"column":25},"end":{"line":49,"column":93}},"locations":[{"start":{"line":46,"column":25},"end":{"line":49,"column":93}}]},"7":{"type":"branch","line":55,"loc":{"start":{"line":55,"column":7},"end":{"line":65,"column":1}},"locations":[{"start":{"line":55,"column":7},"end":{"line":65,"column":1}}]},"8":{"type":"branch","line":56,"loc":{"start":{"line":56,"column":25},"end":{"line":59,"column":105}},"locations":[{"start":{"line":56,"column":25},"end":{"line":59,"column":105}}]},"9":{"type":"branch","line":59,"loc":{"start":{"line":59,"column":54},"end":{"line":59,"column":94}},"locations":[{"start":{"line":59,"column":54},"end":{"line":59,"column":94}}]},"10":{"type":"branch","line":59,"loc":{"start":{"line":59,"column":89},"end":{"line":59,"column":100}},"locations":[{"start":{"line":59,"column":89},"end":{"line":59,"column":100}}]},"11":{"type":"branch","line":68,"loc":{"start":{"line":68,"column":0},"end":{"line":71,"column":1}},"locations":[{"start":{"line":68,"column":0},"end":{"line":71,"column":1}}]},"12":{"type":"branch","line":70,"loc":{"start":{"line":70,"column":32},"end":{"line":70,"column":42}},"locations":[{"start":{"line":70,"column":32},"end":{"line":70,"column":42}}]},"13":{"type":"branch","line":70,"loc":{"start":{"line":70,"column":36},"end":{"line":70,"column":44}},"locations":[{"start":{"line":70,"column":36},"end":{"line":70,"column":44}}]},"14":{"type":"branch","line":69,"loc":{"start":{"line":69,"column":28},"end":{"line":69,"column":48}},"locations":[{"start":{"line":69,"column":28},"end":{"line":69,"column":48}}]},"15":{"type":"branch","line":74,"loc":{"start":{"line":74,"column":7},"end":{"line":85,"column":1}},"locations":[{"start":{"line":74,"column":7},"end":{"line":85,"column":1}}]},"16":{"type":"branch","line":75,"loc":{"start":{"line":75,"column":60},"end":{"line":75,"column":81}},"locations":[{"start":{"line":75,"column":60},"end":{"line":75,"column":81}}]},"17":{"type":"branch","line":78,"loc":{"start":{"line":78,"column":28},"end":{"line":82,"column":55}},"locations":[{"start":{"line":78,"column":28},"end":{"line":82,"column":55}}]},"18":{"type":"branch","line":88,"loc":{"start":{"line":88,"column":7},"end":{"line":95,"column":1}},"locations":[{"start":{"line":88,"column":7},"end":{"line":95,"column":1}}]},"19":{"type":"branch","line":75,"loc":{"start":{"line":75,"column":37},"end":{"line":75,"column":64}},"locations":[{"start":{"line":75,"column":37},"end":{"line":75,"column":64}}]}},"b":{"0":[42],"1":[23],"2":[17],"3":[6],"4":[42],"5":[8],"6":[9],"7":[6],"8":[30],"9":[6],"10":[24],"11":[24],"12":[16],"13":[8],"14":[144],"15":[9],"16":[1],"17":[24],"18":[5],"19":[8]},"fnMap":{"0":{"name":"field","decl":{"start":{"line":15,"column":0},"end":{"line":23,"column":1}},"loc":{"start":{"line":15,"column":0},"end":{"line":23,"column":1}},"line":15},"1":{"name":"panelTitle","decl":{"start":{"line":25,"column":0},"end":{"line":28,"column":1}},"loc":{"start":{"line":25,"column":0},"end":{"line":28,"column":1}},"line":25},"2":{"name":"panel","decl":{"start":{"line":30,"column":0},"end":{"line":33,"column":1}},"loc":{"start":{"line":30,"column":0},"end":{"line":33,"column":1}},"line":30},"3":{"name":"controlsMarkup","decl":{"start":{"line":36,"column":7},"end":{"line":40,"column":1}},"loc":{"start":{"line":36,"column":7},"end":{"line":40,"column":1}},"line":36},"4":{"name":"guidanceMarkup","decl":{"start":{"line":45,"column":7},"end":{"line":52,"column":1}},"loc":{"start":{"line":45,"column":7},"end":{"line":52,"column":1}},"line":45},"5":{"name":"fabricSwatchesMarkup","decl":{"start":{"line":55,"column":7},"end":{"line":65,"column":1}},"loc":{"start":{"line":55,"column":7},"end":{"line":65,"column":1}},"line":55},"6":{"name":"deltaText","decl":{"start":{"line":68,"column":0},"end":{"line":71,"column":1}},"loc":{"start":{"line":68,"column":0},"end":{"line":71,"column":1}},"line":68},"7":{"name":"styleMarkup","decl":{"start":{"line":74,"column":7},"end":{"line":85,"column":1}},"loc":{"start":{"line":74,"column":7},"end":{"line":85,"column":1}},"line":74},"8":{"name":"appShellMarkup","decl":{"start":{"line":88,"column":7},"end":{"line":95,"column":1}},"loc":{"start":{"line":88,"column":7},"end":{"line":95,"column":1}},"line":88}},"f":{"0":42,"1":23,"2":17,"3":6,"4":8,"5":6,"6":24,"7":9,"8":5}}
}
